<?xml version="1.0" encoding="UTF-8"?>
<coverage generated="1602159388144" clover="3.2.0">
  <project timestamp="1602159388144" name="All files">
    <metrics statements="319" coveredstatements="277" conditionals="109" coveredconditionals="78" methods="69" coveredmethods="64" elements="497" coveredelements="419" complexity="0" loc="319" ncloc="319" packages="2" files="8" classes="8"/>
    <package name="scripts">
      <metrics statements="171" coveredstatements="151" conditionals="71" coveredconditionals="55" methods="41" coveredmethods="38"/>
      <file name="Dev.js" path="/home/ilijaz/dev/git/Dunya.js/scripts/Dev.js">
        <metrics statements="80" coveredstatements="77" conditionals="24" coveredconditionals="20" methods="23" coveredmethods="21"/>
        <line num="2" count="1" type="stmt"/>
        <line num="3" count="1" type="stmt"/>
        <line num="4" count="1" type="stmt"/>
        <line num="5" count="1" type="stmt"/>
        <line num="6" count="1" type="stmt"/>
        <line num="7" count="1" type="stmt"/>
        <line num="11" count="10" type="stmt"/>
        <line num="12" count="10" type="stmt"/>
        <line num="13" count="10" type="stmt"/>
        <line num="32" count="10" type="cond" truecount="1" falsecount="1"/>
        <line num="33" count="10" type="cond" truecount="1" falsecount="1"/>
        <line num="34" count="0" type="stmt"/>
        <line num="37" count="10" type="cond" truecount="2" falsecount="0"/>
        <line num="40" count="10" type="stmt"/>
        <line num="41" count="10" type="stmt"/>
        <line num="44" count="10" type="stmt"/>
        <line num="45" count="10" type="stmt"/>
        <line num="46" count="10" type="stmt"/>
        <line num="47" count="10" type="stmt"/>
        <line num="51" count="10" type="stmt"/>
        <line num="52" count="10" type="stmt"/>
        <line num="53" count="10" type="stmt"/>
        <line num="54" count="10" type="stmt"/>
        <line num="57" count="10" type="stmt"/>
        <line num="60" count="10" type="stmt"/>
        <line num="63" count="10" type="stmt"/>
        <line num="66" count="10" type="stmt"/>
        <line num="69" count="9" type="stmt"/>
        <line num="72" count="9" type="stmt"/>
        <line num="73" count="27" type="stmt"/>
        <line num="79" count="29" type="stmt"/>
        <line num="80" count="29" type="stmt"/>
        <line num="82" count="29" type="cond" truecount="2" falsecount="0"/>
        <line num="83" count="27" type="cond" truecount="2" falsecount="0"/>
        <line num="84" count="10" type="stmt"/>
        <line num="85" count="17" type="stmt"/>
        <line num="86" count="17" type="stmt"/>
        <line num="89" count="19" type="stmt"/>
        <line num="90" count="19" type="cond" truecount="1" falsecount="1"/>
        <line num="91" count="19" type="cond" truecount="2" falsecount="0"/>
        <line num="92" count="19" type="stmt"/>
        <line num="95" count="29" type="stmt"/>
        <line num="96" count="29" type="cond" truecount="2" falsecount="0"/>
        <line num="97" count="10" type="stmt"/>
        <line num="98" count="19" type="stmt"/>
        <line num="99" count="19" type="stmt"/>
        <line num="100" count="19" type="cond" truecount="2" falsecount="0"/>
        <line num="101" count="10" type="stmt"/>
        <line num="102" count="9" type="stmt"/>
        <line num="103" count="9" type="cond" truecount="3" falsecount="0"/>
        <line num="105" count="7" type="stmt"/>
        <line num="106" count="7" type="stmt"/>
        <line num="108" count="1" type="stmt"/>
        <line num="109" count="1" type="stmt"/>
        <line num="111" count="1" type="stmt"/>
        <line num="112" count="1" type="stmt"/>
        <line num="114" count="9" type="stmt"/>
        <line num="118" count="7" type="stmt"/>
        <line num="119" count="7" type="stmt"/>
        <line num="120" count="7" type="stmt"/>
        <line num="121" count="7" type="stmt"/>
        <line num="124" count="1" type="stmt"/>
        <line num="125" count="1" type="stmt"/>
        <line num="126" count="1" type="stmt"/>
        <line num="129" count="1" type="stmt"/>
        <line num="130" count="1" type="stmt"/>
        <line num="131" count="1" type="stmt"/>
        <line num="132" count="1" type="stmt"/>
        <line num="138" count="10" type="stmt"/>
        <line num="139" count="10" type="stmt"/>
        <line num="140" count="10" type="stmt"/>
        <line num="141" count="0" type="stmt"/>
        <line num="147" count="10" type="stmt"/>
        <line num="148" count="10" type="stmt"/>
        <line num="149" count="10" type="stmt"/>
        <line num="150" count="10" type="cond" truecount="2" falsecount="0"/>
        <line num="151" count="9" type="stmt"/>
        <line num="152" count="10" type="stmt"/>
        <line num="155" count="0" type="stmt"/>
        <line num="158" count="1" type="stmt"/>
      </file>
      <file name="DunyaWrapper.js" path="/home/ilijaz/dev/git/Dunya.js/scripts/DunyaWrapper.js">
        <metrics statements="91" coveredstatements="74" conditionals="47" coveredconditionals="35" methods="18" coveredmethods="17"/>
        <line num="2" count="2" type="stmt"/>
        <line num="3" count="2" type="stmt"/>
        <line num="4" count="2" type="stmt"/>
        <line num="8" count="16" type="stmt"/>
        <line num="9" count="16" type="stmt"/>
        <line num="13" count="10" type="cond" truecount="1" falsecount="1"/>
        <line num="14" count="0" type="stmt"/>
        <line num="15" count="10" type="stmt"/>
        <line num="18" count="10" type="stmt"/>
        <line num="19" count="10" type="stmt"/>
        <line num="22" count="0" type="stmt"/>
        <line num="26" count="10" type="stmt"/>
        <line num="27" count="10" type="stmt"/>
        <line num="28" count="10" type="stmt"/>
        <line num="33" count="17" type="stmt"/>
        <line num="34" count="30" type="stmt"/>
        <line num="38" count="31" type="stmt"/>
        <line num="39" count="215" type="cond" truecount="2" falsecount="0"/>
        <line num="40" count="72" type="stmt"/>
        <line num="41" count="143" type="stmt"/>
        <line num="42" count="140" type="cond" truecount="2" falsecount="0"/>
        <line num="43" count="22" type="stmt"/>
        <line num="44" count="22" type="stmt"/>
        <line num="46" count="118" type="cond" truecount="2" falsecount="0"/>
        <line num="47" count="24" type="stmt"/>
        <line num="48" count="24" type="stmt"/>
        <line num="50" count="94" type="stmt"/>
        <line num="56" count="147" type="stmt"/>
        <line num="57" count="147" type="stmt"/>
        <line num="58" count="147" type="cond" truecount="2" falsecount="0"/>
        <line num="59" count="6" type="stmt"/>
        <line num="60" count="141" type="stmt"/>
        <line num="63" count="364" type="cond" truecount="2" falsecount="0"/>
        <line num="64" count="2" type="stmt"/>
        <line num="65" count="362" type="cond" truecount="2" falsecount="0"/>
        <line num="66" count="161" type="cond" truecount="2" falsecount="0"/>
        <line num="67" count="52" type="stmt"/>
        <line num="68" count="109" type="cond" truecount="2" falsecount="0"/>
        <line num="69" count="1" type="stmt"/>
        <line num="71" count="309" type="stmt"/>
        <line num="74" count="10" type="stmt"/>
        <line num="75" count="10" type="stmt"/>
        <line num="76" count="60" type="stmt"/>
        <line num="77" count="60" type="stmt"/>
        <line num="78" count="60" type="stmt"/>
        <line num="81" count="0" type="stmt"/>
        <line num="86" count="60" type="cond" truecount="1" falsecount="1"/>
        <line num="87" count="0" type="stmt"/>
        <line num="89" count="60" type="stmt"/>
        <line num="92" count="60" type="stmt"/>
        <line num="93" count="60" type="cond" truecount="1" falsecount="1"/>
        <line num="94" count="60" type="stmt"/>
        <line num="95" count="60" type="stmt"/>
        <line num="101" count="60" type="cond" truecount="1" falsecount="1"/>
        <line num="102" count="0" type="stmt"/>
        <line num="104" count="60" type="cond" truecount="1" falsecount="1"/>
        <line num="105" count="0" type="stmt"/>
        <line num="107" count="60" type="cond" truecount="1" falsecount="1"/>
        <line num="108" count="0" type="stmt"/>
        <line num="110" count="60" type="cond" truecount="1" falsecount="1"/>
        <line num="111" count="0" type="stmt"/>
        <line num="113" count="60" type="cond" truecount="1" falsecount="1"/>
        <line num="114" count="0" type="stmt"/>
        <line num="118" count="60" type="stmt"/>
        <line num="119" count="60" type="stmt"/>
        <line num="122" count="49" type="stmt"/>
        <line num="123" count="294" type="cond" truecount="2" falsecount="0"/>
        <line num="124" count="264" type="stmt"/>
        <line num="125" count="30" type="stmt"/>
        <line num="127" count="49" type="stmt"/>
        <line num="130" count="28" type="stmt"/>
        <line num="131" count="163" type="cond" truecount="2" falsecount="0"/>
        <line num="132" count="130" type="stmt"/>
        <line num="133" count="33" type="stmt"/>
        <line num="134" count="33" type="cond" truecount="2" falsecount="0"/>
        <line num="135" count="10" type="stmt"/>
        <line num="137" count="18" type="stmt"/>
        <line num="140" count="52" type="stmt"/>
        <line num="141" count="312" type="cond" truecount="2" falsecount="0"/>
        <line num="142" count="260" type="stmt"/>
        <line num="143" count="52" type="cond" truecount="2" falsecount="0"/>
        <line num="145" count="52" type="stmt"/>
        <line num="148" count="0" type="stmt"/>
        <line num="149" count="0" type="stmt"/>
        <line num="150" count="0" type="cond" truecount="0" falsecount="2"/>
        <line num="151" count="0" type="stmt"/>
        <line num="152" count="0" type="stmt"/>
        <line num="153" count="0" type="cond" truecount="0" falsecount="2"/>
        <line num="154" count="0" type="stmt"/>
        <line num="156" count="0" type="stmt"/>
        <line num="159" count="2" type="stmt"/>
      </file>
    </package>
    <package name="scripts.default-plugins">
      <metrics statements="148" coveredstatements="126" conditionals="38" coveredconditionals="23" methods="28" coveredmethods="26"/>
      <file name="default-clear-out-directory.js" path="/home/ilijaz/dev/git/Dunya.js/scripts/default-plugins/default-clear-out-directory.js">
        <metrics statements="10" coveredstatements="10" conditionals="0" coveredconditionals="0" methods="2" coveredmethods="2"/>
        <line num="2" count="1" type="stmt"/>
        <line num="3" count="1" type="stmt"/>
        <line num="4" count="1" type="stmt"/>
        <line num="5" count="1" type="stmt"/>
        <line num="8" count="1" type="stmt"/>
        <line num="9" count="1" type="stmt"/>
        <line num="10" count="10" type="stmt"/>
        <line num="11" count="10" type="stmt"/>
        <line num="12" count="10" type="stmt"/>
        <line num="14" count="1" type="stmt"/>
      </file>
      <file name="default-html-compiler.js" path="/home/ilijaz/dev/git/Dunya.js/scripts/default-plugins/default-html-compiler.js">
        <metrics statements="36" coveredstatements="34" conditionals="8" coveredconditionals="7" methods="6" coveredmethods="6"/>
        <line num="2" count="1" type="stmt"/>
        <line num="3" count="1" type="stmt"/>
        <line num="4" count="1" type="stmt"/>
        <line num="5" count="1" type="stmt"/>
        <line num="7" count="5" type="stmt"/>
        <line num="8" count="5" type="cond" truecount="2" falsecount="0"/>
        <line num="9" count="1" type="stmt"/>
        <line num="10" count="1" type="stmt"/>
        <line num="12" count="4" type="stmt"/>
        <line num="13" count="4" type="stmt"/>
        <line num="14" count="4" type="stmt"/>
        <line num="17" count="0" type="stmt"/>
        <line num="19" count="4" type="stmt"/>
        <line num="20" count="4" type="stmt"/>
        <line num="21" count="4" type="stmt"/>
        <line num="22" count="4" type="stmt"/>
        <line num="23" count="4" type="stmt"/>
        <line num="26" count="6" type="stmt"/>
        <line num="27" count="6" type="stmt"/>
        <line num="28" count="1" type="stmt"/>
        <line num="29" count="1" type="stmt"/>
        <line num="30" count="1" type="stmt"/>
        <line num="31" count="1" type="cond" truecount="1" falsecount="1"/>
        <line num="32" count="0" type="stmt"/>
        <line num="33" count="1" type="stmt"/>
        <line num="36" count="6" type="stmt"/>
        <line num="38" count="1" type="stmt"/>
        <line num="41" count="1" type="stmt"/>
        <line num="42" count="1" type="stmt"/>
        <line num="43" count="19" type="stmt"/>
        <line num="44" count="19" type="cond" truecount="2" falsecount="0"/>
        <line num="45" count="8" type="stmt"/>
        <line num="46" count="11" type="cond" truecount="2" falsecount="0"/>
        <line num="47" count="6" type="stmt"/>
        <line num="48" count="5" type="stmt"/>
        <line num="50" count="1" type="stmt"/>
      </file>
      <file name="default-inline-script-compiler.js" path="/home/ilijaz/dev/git/Dunya.js/scripts/default-plugins/default-inline-script-compiler.js">
        <metrics statements="52" coveredstatements="50" conditionals="18" coveredconditionals="12" methods="14" coveredmethods="14"/>
        <line num="2" count="1" type="stmt"/>
        <line num="3" count="1" type="stmt"/>
        <line num="4" count="1" type="stmt"/>
        <line num="5" count="1" type="stmt"/>
        <line num="7" count="3" type="cond" truecount="1" falsecount="1"/>
        <line num="8" count="3" type="cond" truecount="1" falsecount="1"/>
        <line num="9" count="3" type="cond" truecount="1" falsecount="1"/>
        <line num="10" count="3" type="stmt"/>
        <line num="21" count="3" type="stmt"/>
        <line num="22" count="3" type="stmt"/>
        <line num="23" count="3" type="stmt"/>
        <line num="26" count="0" type="stmt"/>
        <line num="30" count="3" type="stmt"/>
        <line num="31" count="3" type="stmt"/>
        <line num="34" count="11" type="stmt"/>
        <line num="35" count="11" type="stmt"/>
        <line num="36" count="11" type="stmt"/>
        <line num="37" count="11" type="stmt"/>
        <line num="38" count="33" type="stmt"/>
        <line num="39" count="33" type="stmt"/>
        <line num="40" count="33" type="stmt"/>
        <line num="41" count="33" type="cond" truecount="1" falsecount="1"/>
        <line num="42" count="33" type="cond" truecount="1" falsecount="1"/>
        <line num="43" count="33" type="cond" truecount="2" falsecount="0"/>
        <line num="44" count="11" type="stmt"/>
        <line num="46" count="11" type="stmt"/>
        <line num="54" count="3" type="stmt"/>
        <line num="57" count="3" type="stmt"/>
        <line num="60" count="3" type="stmt"/>
        <line num="63" count="3" type="stmt"/>
        <line num="64" count="3" type="stmt"/>
        <line num="65" count="3" type="stmt"/>
        <line num="66" count="3" type="stmt"/>
        <line num="67" count="3" type="stmt"/>
        <line num="68" count="3" type="stmt"/>
        <line num="71" count="2" type="stmt"/>
        <line num="72" count="2" type="stmt"/>
        <line num="74" count="1" type="stmt"/>
        <line num="77" count="1" type="stmt"/>
        <line num="78" count="1" type="stmt"/>
        <line num="79" count="14" type="stmt"/>
        <line num="80" count="14" type="stmt"/>
        <line num="81" count="14" type="cond" truecount="2" falsecount="0"/>
        <line num="82" count="9" type="stmt"/>
        <line num="83" count="5" type="cond" truecount="2" falsecount="0"/>
        <line num="84" count="3" type="stmt"/>
        <line num="86" count="2" type="stmt"/>
        <line num="87" count="2" type="stmt"/>
        <line num="88" count="2" type="cond" truecount="1" falsecount="1"/>
        <line num="89" count="2" type="stmt"/>
        <line num="90" count="0" type="stmt"/>
        <line num="92" count="1" type="stmt"/>
      </file>
      <file name="default-link-template-file.js" path="/home/ilijaz/dev/git/Dunya.js/scripts/default-plugins/default-link-template-file.js">
        <metrics statements="12" coveredstatements="11" conditionals="2" coveredconditionals="1" methods="2" coveredmethods="2"/>
        <line num="2" count="1" type="stmt"/>
        <line num="3" count="1" type="stmt"/>
        <line num="4" count="1" type="stmt"/>
        <line num="5" count="1" type="stmt"/>
        <line num="8" count="1" type="stmt"/>
        <line num="9" count="1" type="stmt"/>
        <line num="10" count="10" type="stmt"/>
        <line num="11" count="8" type="stmt"/>
        <line num="12" count="8" type="cond" truecount="1" falsecount="1"/>
        <line num="13" count="0" type="stmt"/>
        <line num="14" count="8" type="stmt"/>
        <line num="17" count="1" type="stmt"/>
      </file>
      <file name="default-validate-in-directory.js" path="/home/ilijaz/dev/git/Dunya.js/scripts/default-plugins/default-validate-in-directory.js">
        <metrics statements="8" coveredstatements="8" conditionals="2" coveredconditionals="2" methods="1" coveredmethods="1"/>
        <line num="2" count="1" type="stmt"/>
        <line num="3" count="1" type="stmt"/>
        <line num="4" count="1" type="stmt"/>
        <line num="7" count="1" type="stmt"/>
        <line num="8" count="1" type="stmt"/>
        <line num="9" count="10" type="cond" truecount="2" falsecount="0"/>
        <line num="10" count="9" type="stmt"/>
        <line num="12" count="1" type="stmt"/>
      </file>
      <file name="dunya-sass-support.js" path="/home/ilijaz/dev/git/Dunya.js/scripts/default-plugins/dunya-sass-support.js">
        <metrics statements="30" coveredstatements="13" conditionals="8" coveredconditionals="1" methods="3" coveredmethods="1"/>
        <line num="2" count="1" type="stmt"/>
        <line num="3" count="1" type="stmt"/>
        <line num="4" count="1" type="stmt"/>
        <line num="5" count="1" type="stmt"/>
        <line num="7" count="0" type="stmt"/>
        <line num="13" count="1" type="stmt"/>
        <line num="16" count="1" type="stmt"/>
        <line num="17" count="1" type="stmt"/>
        <line num="18" count="52" type="stmt"/>
        <line num="19" count="52" type="stmt"/>
        <line num="20" count="52" type="cond" truecount="1" falsecount="1"/>
        <line num="21" count="52" type="stmt"/>
        <line num="22" count="0" type="stmt"/>
        <line num="23" count="0" type="stmt"/>
        <line num="24" count="0" type="cond" truecount="0" falsecount="2"/>
        <line num="25" count="0" type="stmt"/>
        <line num="26" count="0" type="stmt"/>
        <line num="27" count="0" type="stmt"/>
        <line num="30" count="0" type="stmt"/>
        <line num="31" count="0" type="stmt"/>
        <line num="33" count="0" type="stmt"/>
        <line num="35" count="1" type="stmt"/>
        <line num="36" count="0" type="stmt"/>
        <line num="37" count="0" type="cond" truecount="0" falsecount="2"/>
        <line num="38" count="0" type="stmt"/>
        <line num="39" count="0" type="stmt"/>
        <line num="40" count="0" type="cond" truecount="0" falsecount="2"/>
        <line num="41" count="0" type="stmt"/>
        <line num="42" count="0" type="stmt"/>
        <line num="44" count="1" type="stmt"/>
      </file>
    </package>
  </project>
</coverage>
