<?xml version="1.0" encoding="UTF-8"?>
<coverage generated="1601982742721" clover="3.2.0">
  <project timestamp="1601982742721" name="All files">
    <metrics statements="40" coveredstatements="31" conditionals="19" coveredconditionals="17" methods="9" coveredmethods="6" elements="68" coveredelements="54" complexity="0" loc="40" ncloc="40" packages="1" files="1" classes="1"/>
    <file name="DunyaWrapper.js" path="/home/ilijaz/dev/git/Dunya.js/scripts/DunyaWrapper.js">
      <metrics statements="40" coveredstatements="31" conditionals="19" coveredconditionals="17" methods="9" coveredmethods="6"/>
      <line num="2" count="1" type="stmt"/>
      <line num="3" count="1" type="stmt"/>
      <line num="4" count="1" type="stmt"/>
      <line num="7" count="6" type="stmt"/>
      <line num="11" count="0" type="cond" truecount="0" falsecount="2"/>
      <line num="12" count="0" type="stmt"/>
      <line num="13" count="0" type="stmt"/>
      <line num="16" count="0" type="stmt"/>
      <line num="17" count="0" type="stmt"/>
      <line num="20" count="0" type="stmt"/>
      <line num="24" count="0" type="stmt"/>
      <line num="25" count="0" type="stmt"/>
      <line num="26" count="0" type="stmt"/>
      <line num="30" count="7" type="stmt"/>
      <line num="31" count="10" type="stmt"/>
      <line num="35" count="11" type="stmt"/>
      <line num="36" count="15" type="cond" truecount="2" falsecount="0"/>
      <line num="37" count="2" type="stmt"/>
      <line num="38" count="13" type="stmt"/>
      <line num="39" count="10" type="cond" truecount="2" falsecount="0"/>
      <line num="40" count="2" type="stmt"/>
      <line num="41" count="2" type="stmt"/>
      <line num="43" count="8" type="cond" truecount="2" falsecount="0"/>
      <line num="44" count="4" type="stmt"/>
      <line num="45" count="4" type="stmt"/>
      <line num="47" count="4" type="stmt"/>
      <line num="51" count="17" type="stmt"/>
      <line num="52" count="17" type="stmt"/>
      <line num="53" count="17" type="cond" truecount="2" falsecount="0"/>
      <line num="54" count="6" type="stmt"/>
      <line num="55" count="11" type="stmt"/>
      <line num="58" count="44" type="cond" truecount="2" falsecount="0"/>
      <line num="59" count="2" type="stmt"/>
      <line num="60" count="42" type="cond" truecount="2" falsecount="0"/>
      <line num="61" count="21" type="cond" truecount="2" falsecount="0"/>
      <line num="62" count="12" type="stmt"/>
      <line num="63" count="9" type="cond" truecount="2" falsecount="0"/>
      <line num="64" count="1" type="stmt"/>
      <line num="66" count="29" type="stmt"/>
      <line num="69" count="1" type="stmt"/>
    </file>
  </project>
</coverage>
