{"/home/ilijaz/dev/git/Dunya.js/scripts/Dev.js": {"path":"/home/ilijaz/dev/git/Dunya.js/scripts/Dev.js","statementMap":{"0":{"start":{"line":2,"column":0},"end":{"line":2,"column":62}},"1":{"start":{"line":3,"column":13},"end":{"line":3,"column":28}},"2":{"start":{"line":4,"column":11},"end":{"line":4,"column":30}},"3":{"start":{"line":5,"column":13},"end":{"line":5,"column":28}},"4":{"start":{"line":6,"column":17},"end":{"line":6,"column":36}},"5":{"start":{"line":7,"column":26},"end":{"line":7,"column":54}},"6":{"start":{"line":11,"column":4},"end":{"line":11,"column":12}},"7":{"start":{"line":12,"column":4},"end":{"line":12,"column":29}},"8":{"start":{"line":13,"column":4},"end":{"line":39,"column":6}},"9":{"start":{"line":40,"column":4},"end":{"line":40,"column":30}},"10":{"start":{"line":41,"column":4},"end":{"line":41,"column":50}},"11":{"start":{"line":41,"column":38},"end":{"line":41,"column":50}},"12":{"start":{"line":44,"column":4},"end":{"line":44,"column":52}},"13":{"start":{"line":47,"column":23},"end":{"line":47,"column":43}},"14":{"start":{"line":48,"column":4},"end":{"line":48,"column":66}},"15":{"start":{"line":51,"column":4},"end":{"line":51,"column":32}},"16":{"start":{"line":52,"column":4},"end":{"line":52,"column":63}},"17":{"start":{"line":53,"column":4},"end":{"line":53,"column":39}},"18":{"start":{"line":54,"column":4},"end":{"line":54,"column":43}},"19":{"start":{"line":58,"column":4},"end":{"line":58,"column":26}},"20":{"start":{"line":59,"column":4},"end":{"line":59,"column":26}},"21":{"start":{"line":60,"column":4},"end":{"line":60,"column":23}},"22":{"start":{"line":61,"column":4},"end":{"line":61,"column":28}},"23":{"start":{"line":64,"column":4},"end":{"line":64,"column":40}},"24":{"start":{"line":67,"column":4},"end":{"line":67,"column":40}},"25":{"start":{"line":70,"column":4},"end":{"line":70,"column":37}},"26":{"start":{"line":73,"column":4},"end":{"line":73,"column":42}},"27":{"start":{"line":76,"column":4},"end":{"line":79,"column":7}},"28":{"start":{"line":80,"column":4},"end":{"line":82,"column":7}},"29":{"start":{"line":81,"column":6},"end":{"line":81,"column":43}},"30":{"start":{"line":87,"column":25},"end":{"line":87,"column":33}},"31":{"start":{"line":88,"column":4},"end":{"line":88,"column":56}},"32":{"start":{"line":90,"column":4},"end":{"line":94,"column":5}},"33":{"start":{"line":91,"column":6},"end":{"line":91,"column":69}},"34":{"start":{"line":91,"column":62},"end":{"line":91,"column":69}},"35":{"start":{"line":92,"column":6},"end":{"line":92,"column":63}},"36":{"start":{"line":93,"column":6},"end":{"line":93,"column":43}},"37":{"start":{"line":96,"column":16},"end":{"line":101,"column":5}},"38":{"start":{"line":102,"column":4},"end":{"line":102,"column":40}},"39":{"start":{"line":103,"column":4},"end":{"line":103,"column":49}},"40":{"start":{"line":104,"column":4},"end":{"line":104,"column":37}},"41":{"start":{"line":107,"column":30},"end":{"line":107,"column":79}},"42":{"start":{"line":108,"column":4},"end":{"line":108,"column":48}},"43":{"start":{"line":108,"column":41},"end":{"line":108,"column":48}},"44":{"start":{"line":109,"column":4},"end":{"line":109,"column":42}},"45":{"start":{"line":110,"column":24},"end":{"line":110,"column":53}},"46":{"start":{"line":111,"column":4},"end":{"line":112,"column":13}},"47":{"start":{"line":112,"column":6},"end":{"line":112,"column":13}},"48":{"start":{"line":113,"column":4},"end":{"line":113,"column":61}},"49":{"start":{"line":114,"column":4},"end":{"line":124,"column":5}},"50":{"start":{"line":116,"column":8},"end":{"line":116,"column":51}},"51":{"start":{"line":117,"column":8},"end":{"line":117,"column":14}},"52":{"start":{"line":119,"column":8},"end":{"line":119,"column":41}},"53":{"start":{"line":120,"column":8},"end":{"line":120,"column":14}},"54":{"start":{"line":122,"column":8},"end":{"line":122,"column":54}},"55":{"start":{"line":123,"column":8},"end":{"line":123,"column":14}},"56":{"start":{"line":125,"column":4},"end":{"line":125,"column":64}},"57":{"start":{"line":129,"column":4},"end":{"line":129,"column":50}},"58":{"start":{"line":130,"column":4},"end":{"line":130,"column":45}},"59":{"start":{"line":131,"column":4},"end":{"line":131,"column":56}},"60":{"start":{"line":132,"column":4},"end":{"line":132,"column":46}},"61":{"start":{"line":135,"column":4},"end":{"line":135,"column":50}},"62":{"start":{"line":136,"column":4},"end":{"line":136,"column":48}},"63":{"start":{"line":137,"column":4},"end":{"line":137,"column":30}},"64":{"start":{"line":140,"column":4},"end":{"line":140,"column":50}},"65":{"start":{"line":141,"column":4},"end":{"line":141,"column":47}},"66":{"start":{"line":142,"column":4},"end":{"line":142,"column":56}},"67":{"start":{"line":143,"column":4},"end":{"line":143,"column":46}},"68":{"start":{"line":149,"column":21},"end":{"line":149,"column":52}},"69":{"start":{"line":150,"column":4},"end":{"line":154,"column":7}},"70":{"start":{"line":151,"column":6},"end":{"line":153,"column":9}},"71":{"start":{"line":152,"column":8},"end":{"line":152,"column":39}},"72":{"start":{"line":158,"column":4},"end":{"line":158,"column":34}},"73":{"start":{"line":159,"column":4},"end":{"line":159,"column":47}},"74":{"start":{"line":160,"column":4},"end":{"line":160,"column":26}},"75":{"start":{"line":161,"column":4},"end":{"line":161,"column":46}},"76":{"start":{"line":161,"column":27},"end":{"line":161,"column":46}},"77":{"start":{"line":162,"column":4},"end":{"line":162,"column":30}},"78":{"start":{"line":165,"column":4},"end":{"line":165,"column":30}},"79":{"start":{"line":168,"column":0},"end":{"line":168,"column":22}}},"fnMap":{"0":{"name":"(anonymous_0)","decl":{"start":{"line":10,"column":2},"end":{"line":10,"column":3}},"loc":{"start":{"line":10,"column":29},"end":{"line":42,"column":3}},"line":10},"1":{"name":"(anonymous_1)","decl":{"start":{"line":43,"column":2},"end":{"line":43,"column":3}},"loc":{"start":{"line":43,"column":18},"end":{"line":45,"column":3}},"line":43},"2":{"name":"(anonymous_2)","decl":{"start":{"line":46,"column":2},"end":{"line":46,"column":3}},"loc":{"start":{"line":46,"column":25},"end":{"line":49,"column":3}},"line":46},"3":{"name":"(anonymous_3)","decl":{"start":{"line":50,"column":2},"end":{"line":50,"column":3}},"loc":{"start":{"line":50,"column":27},"end":{"line":55,"column":3}},"line":50},"4":{"name":"(anonymous_4)","decl":{"start":{"line":57,"column":2},"end":{"line":57,"column":3}},"loc":{"start":{"line":57,"column":19},"end":{"line":62,"column":3}},"line":57},"5":{"name":"(anonymous_5)","decl":{"start":{"line":63,"column":2},"end":{"line":63,"column":3}},"loc":{"start":{"line":63,"column":19},"end":{"line":65,"column":3}},"line":63},"6":{"name":"(anonymous_6)","decl":{"start":{"line":66,"column":2},"end":{"line":66,"column":3}},"loc":{"start":{"line":66,"column":19},"end":{"line":68,"column":3}},"line":66},"7":{"name":"(anonymous_7)","decl":{"start":{"line":69,"column":2},"end":{"line":69,"column":3}},"loc":{"start":{"line":69,"column":16},"end":{"line":71,"column":3}},"line":69},"8":{"name":"(anonymous_8)","decl":{"start":{"line":72,"column":2},"end":{"line":72,"column":3}},"loc":{"start":{"line":72,"column":21},"end":{"line":74,"column":3}},"line":72},"9":{"name":"(anonymous_9)","decl":{"start":{"line":75,"column":2},"end":{"line":75,"column":3}},"loc":{"start":{"line":75,"column":16},"end":{"line":83,"column":3}},"line":75},"10":{"name":"(anonymous_10)","decl":{"start":{"line":80,"column":33},"end":{"line":80,"column":34}},"loc":{"start":{"line":80,"column":56},"end":{"line":82,"column":5}},"line":80},"11":{"name":"(anonymous_11)","decl":{"start":{"line":86,"column":2},"end":{"line":86,"column":3}},"loc":{"start":{"line":86,"column":47},"end":{"line":105,"column":3}},"line":86},"12":{"name":"(anonymous_12)","decl":{"start":{"line":106,"column":2},"end":{"line":106,"column":3}},"loc":{"start":{"line":106,"column":38},"end":{"line":126,"column":3}},"line":106},"13":{"name":"(anonymous_13)","decl":{"start":{"line":128,"column":2},"end":{"line":128,"column":3}},"loc":{"start":{"line":128,"column":40},"end":{"line":133,"column":3}},"line":128},"14":{"name":"(anonymous_14)","decl":{"start":{"line":131,"column":43},"end":{"line":131,"column":44}},"loc":{"start":{"line":131,"column":52},"end":{"line":131,"column":54}},"line":131},"15":{"name":"(anonymous_15)","decl":{"start":{"line":134,"column":2},"end":{"line":134,"column":3}},"loc":{"start":{"line":134,"column":30},"end":{"line":138,"column":3}},"line":134},"16":{"name":"(anonymous_16)","decl":{"start":{"line":139,"column":2},"end":{"line":139,"column":3}},"loc":{"start":{"line":139,"column":43},"end":{"line":144,"column":3}},"line":139},"17":{"name":"(anonymous_17)","decl":{"start":{"line":142,"column":43},"end":{"line":142,"column":44}},"loc":{"start":{"line":142,"column":52},"end":{"line":142,"column":54}},"line":142},"18":{"name":"(anonymous_18)","decl":{"start":{"line":148,"column":2},"end":{"line":148,"column":3}},"loc":{"start":{"line":148,"column":23},"end":{"line":155,"column":3}},"line":148},"19":{"name":"(anonymous_19)","decl":{"start":{"line":150,"column":19},"end":{"line":150,"column":20}},"loc":{"start":{"line":150,"column":35},"end":{"line":154,"column":5}},"line":150},"20":{"name":"(anonymous_20)","decl":{"start":{"line":151,"column":20},"end":{"line":151,"column":21}},"loc":{"start":{"line":151,"column":30},"end":{"line":153,"column":7}},"line":151},"21":{"name":"(anonymous_21)","decl":{"start":{"line":157,"column":2},"end":{"line":157,"column":3}},"loc":{"start":{"line":157,"column":15},"end":{"line":163,"column":3}},"line":157},"22":{"name":"(anonymous_22)","decl":{"start":{"line":164,"column":2},"end":{"line":164,"column":3}},"loc":{"start":{"line":164,"column":20},"end":{"line":166,"column":3}},"line":164}},"branchMap":{"0":{"loc":{"start":{"line":10,"column":14},"end":{"line":10,"column":27}},"type":"default-arg","locations":[{"start":{"line":10,"column":25},"end":{"line":10,"column":27}}],"line":10},"1":{"loc":{"start":{"line":40,"column":15},"end":{"line":40,"column":29}},"type":"binary-expr","locations":[{"start":{"line":40,"column":15},"end":{"line":40,"column":23}},{"start":{"line":40,"column":27},"end":{"line":40,"column":29}}],"line":40},"2":{"loc":{"start":{"line":41,"column":4},"end":{"line":41,"column":50}},"type":"if","locations":[{"start":{"line":41,"column":4},"end":{"line":41,"column":50}},{"start":{"line":41,"column":4},"end":{"line":41,"column":50}}],"line":41},"3":{"loc":{"start":{"line":44,"column":11},"end":{"line":44,"column":51}},"type":"binary-expr","locations":[{"start":{"line":44,"column":11},"end":{"line":44,"column":31}},{"start":{"line":44,"column":35},"end":{"line":44,"column":51}}],"line":44},"4":{"loc":{"start":{"line":90,"column":4},"end":{"line":94,"column":5}},"type":"if","locations":[{"start":{"line":90,"column":4},"end":{"line":94,"column":5}},{"start":{"line":90,"column":4},"end":{"line":94,"column":5}}],"line":90},"5":{"loc":{"start":{"line":91,"column":6},"end":{"line":91,"column":69}},"type":"if","locations":[{"start":{"line":91,"column":6},"end":{"line":91,"column":69}},{"start":{"line":91,"column":6},"end":{"line":91,"column":69}}],"line":91},"6":{"loc":{"start":{"line":102,"column":15},"end":{"line":102,"column":39}},"type":"binary-expr","locations":[{"start":{"line":102,"column":15},"end":{"line":102,"column":27}},{"start":{"line":102,"column":31},"end":{"line":102,"column":39}}],"line":102},"7":{"loc":{"start":{"line":103,"column":18},"end":{"line":103,"column":48}},"type":"binary-expr","locations":[{"start":{"line":103,"column":18},"end":{"line":103,"column":33}},{"start":{"line":103,"column":37},"end":{"line":103,"column":48}}],"line":103},"8":{"loc":{"start":{"line":108,"column":4},"end":{"line":108,"column":48}},"type":"if","locations":[{"start":{"line":108,"column":4},"end":{"line":108,"column":48}},{"start":{"line":108,"column":4},"end":{"line":108,"column":48}}],"line":108},"9":{"loc":{"start":{"line":111,"column":4},"end":{"line":112,"column":13}},"type":"if","locations":[{"start":{"line":111,"column":4},"end":{"line":112,"column":13}},{"start":{"line":111,"column":4},"end":{"line":112,"column":13}}],"line":111},"10":{"loc":{"start":{"line":114,"column":4},"end":{"line":124,"column":5}},"type":"switch","locations":[{"start":{"line":115,"column":6},"end":{"line":117,"column":14}},{"start":{"line":118,"column":6},"end":{"line":120,"column":14}},{"start":{"line":121,"column":6},"end":{"line":123,"column":14}}],"line":114},"11":{"loc":{"start":{"line":161,"column":4},"end":{"line":161,"column":46}},"type":"if","locations":[{"start":{"line":161,"column":4},"end":{"line":161,"column":46}},{"start":{"line":161,"column":4},"end":{"line":161,"column":46}}],"line":161}},"s":{"0":1,"1":1,"2":1,"3":1,"4":1,"5":1,"6":6,"7":6,"8":6,"9":6,"10":6,"11":0,"12":6,"13":6,"14":6,"15":6,"16":6,"17":6,"18":6,"19":6,"20":6,"21":6,"22":6,"23":6,"24":6,"25":6,"26":6,"27":6,"28":6,"29":0,"30":3,"31":3,"32":3,"33":3,"34":0,"35":3,"36":3,"37":3,"38":3,"39":3,"40":3,"41":3,"42":3,"43":0,"44":3,"45":3,"46":3,"47":1,"48":2,"49":2,"50":2,"51":2,"52":0,"53":0,"54":0,"55":0,"56":2,"57":2,"58":2,"59":2,"60":2,"61":0,"62":0,"63":0,"64":0,"65":0,"66":0,"67":0,"68":6,"69":6,"70":6,"71":3,"72":6,"73":6,"74":6,"75":6,"76":6,"77":6,"78":0,"79":1},"f":{"0":6,"1":6,"2":6,"3":6,"4":6,"5":6,"6":6,"7":6,"8":6,"9":6,"10":0,"11":3,"12":3,"13":2,"14":2,"15":0,"16":0,"17":0,"18":6,"19":6,"20":3,"21":6,"22":0},"b":{"0":[0],"1":[6,0],"2":[0,6],"3":[6,6],"4":[3,0],"5":[0,3],"6":[3,0],"7":[3,0],"8":[0,3],"9":[1,2],"10":[2,0,0],"11":[6,0]},"_coverageSchema":"1a1c01bbd47fc00a2c39e90264f33305004495a9","hash":"08a37ea12618abd3abd232eb25abad329b4211ba"}
,"/home/ilijaz/dev/git/Dunya.js/scripts/DunyaWrapper.js": {"path":"/home/ilijaz/dev/git/Dunya.js/scripts/DunyaWrapper.js","statementMap":{"0":{"start":{"line":2,"column":0},"end":{"line":2,"column":62}},"1":{"start":{"line":3,"column":13},"end":{"line":3,"column":28}},"2":{"start":{"line":4,"column":11},"end":{"line":4,"column":30}},"3":{"start":{"line":8,"column":8},"end":{"line":8,"column":60}},"4":{"start":{"line":9,"column":8},"end":{"line":9,"column":50}},"5":{"start":{"line":13,"column":8},"end":{"line":14,"column":54}},"6":{"start":{"line":14,"column":12},"end":{"line":14,"column":54}},"7":{"start":{"line":15,"column":8},"end":{"line":15,"column":56}},"8":{"start":{"line":18,"column":8},"end":{"line":23,"column":9}},"9":{"start":{"line":19,"column":12},"end":{"line":19,"column":39}},"10":{"start":{"line":22,"column":12},"end":{"line":22,"column":88}},"11":{"start":{"line":26,"column":21},"end":{"line":26,"column":44}},"12":{"start":{"line":27,"column":24},"end":{"line":27,"column":57}},"13":{"start":{"line":28,"column":8},"end":{"line":28,"column":49}},"14":{"start":{"line":33,"column":8},"end":{"line":35,"column":11}},"15":{"start":{"line":34,"column":12},"end":{"line":34,"column":44}},"16":{"start":{"line":38,"column":8},"end":{"line":51,"column":9}},"17":{"start":{"line":39,"column":12},"end":{"line":40,"column":25}},"18":{"start":{"line":40,"column":16},"end":{"line":40,"column":25}},"19":{"start":{"line":41,"column":25},"end":{"line":41,"column":77}},"20":{"start":{"line":42,"column":12},"end":{"line":45,"column":13}},"21":{"start":{"line":43,"column":16},"end":{"line":43,"column":66}},"22":{"start":{"line":44,"column":16},"end":{"line":44,"column":25}},"23":{"start":{"line":46,"column":12},"end":{"line":49,"column":13}},"24":{"start":{"line":47,"column":16},"end":{"line":47,"column":64}},"25":{"start":{"line":48,"column":16},"end":{"line":48,"column":25}},"26":{"start":{"line":50,"column":12},"end":{"line":50,"column":39}},"27":{"start":{"line":56,"column":25},"end":{"line":56,"column":42}},"28":{"start":{"line":57,"column":26},"end":{"line":57,"column":44}},"29":{"start":{"line":58,"column":8},"end":{"line":59,"column":89}},"30":{"start":{"line":59,"column":12},"end":{"line":59,"column":89}},"31":{"start":{"line":60,"column":8},"end":{"line":60,"column":24}},"32":{"start":{"line":63,"column":8},"end":{"line":64,"column":26}},"33":{"start":{"line":64,"column":12},"end":{"line":64,"column":26}},"34":{"start":{"line":65,"column":8},"end":{"line":70,"column":9}},"35":{"start":{"line":66,"column":12},"end":{"line":67,"column":31}},"36":{"start":{"line":67,"column":16},"end":{"line":67,"column":31}},"37":{"start":{"line":68,"column":12},"end":{"line":69,"column":31}},"38":{"start":{"line":69,"column":16},"end":{"line":69,"column":31}},"39":{"start":{"line":71,"column":8},"end":{"line":71,"column":29}},"40":{"start":{"line":74,"column":8},"end":{"line":74,"column":26}},"41":{"start":{"line":75,"column":8},"end":{"line":83,"column":9}},"42":{"start":{"line":76,"column":12},"end":{"line":82,"column":13}},"43":{"start":{"line":77,"column":47},"end":{"line":77,"column":70}},"44":{"start":{"line":78,"column":16},"end":{"line":78,"column":53}},"45":{"start":{"line":81,"column":16},"end":{"line":81,"column":97}},"46":{"start":{"line":86,"column":8},"end":{"line":88,"column":9}},"47":{"start":{"line":87,"column":12},"end":{"line":87,"column":34}},"48":{"start":{"line":89,"column":8},"end":{"line":89,"column":38}},"49":{"start":{"line":92,"column":21},"end":{"line":92,"column":62}},"50":{"start":{"line":93,"column":8},"end":{"line":93,"column":42}},"51":{"start":{"line":94,"column":8},"end":{"line":94,"column":48}},"52":{"start":{"line":95,"column":8},"end":{"line":98,"column":10}},"53":{"start":{"line":101,"column":8},"end":{"line":103,"column":27}},"54":{"start":{"line":102,"column":12},"end":{"line":103,"column":27}},"55":{"start":{"line":104,"column":8},"end":{"line":106,"column":41}},"56":{"start":{"line":105,"column":12},"end":{"line":106,"column":41}},"57":{"start":{"line":107,"column":8},"end":{"line":109,"column":45}},"58":{"start":{"line":108,"column":12},"end":{"line":109,"column":45}},"59":{"start":{"line":110,"column":8},"end":{"line":112,"column":47}},"60":{"start":{"line":111,"column":12},"end":{"line":112,"column":47}},"61":{"start":{"line":113,"column":8},"end":{"line":115,"column":40}},"62":{"start":{"line":114,"column":12},"end":{"line":115,"column":40}},"63":{"start":{"line":118,"column":8},"end":{"line":118,"column":46}},"64":{"start":{"line":119,"column":8},"end":{"line":119,"column":66}},"65":{"start":{"line":122,"column":8},"end":{"line":126,"column":9}},"66":{"start":{"line":123,"column":12},"end":{"line":124,"column":25}},"67":{"start":{"line":124,"column":16},"end":{"line":124,"column":25}},"68":{"start":{"line":125,"column":12},"end":{"line":125,"column":46}},"69":{"start":{"line":127,"column":8},"end":{"line":127,"column":15}},"70":{"start":{"line":130,"column":8},"end":{"line":136,"column":9}},"71":{"start":{"line":131,"column":12},"end":{"line":132,"column":25}},"72":{"start":{"line":132,"column":16},"end":{"line":132,"column":25}},"73":{"start":{"line":133,"column":24},"end":{"line":133,"column":57}},"74":{"start":{"line":134,"column":12},"end":{"line":135,"column":28}},"75":{"start":{"line":135,"column":16},"end":{"line":135,"column":28}},"76":{"start":{"line":137,"column":8},"end":{"line":137,"column":21}},"77":{"start":{"line":140,"column":8},"end":{"line":144,"column":9}},"78":{"start":{"line":141,"column":12},"end":{"line":142,"column":25}},"79":{"start":{"line":142,"column":16},"end":{"line":142,"column":25}},"80":{"start":{"line":143,"column":12},"end":{"line":143,"column":63}},"81":{"start":{"line":145,"column":8},"end":{"line":145,"column":20}},"82":{"start":{"line":148,"column":21},"end":{"line":148,"column":38}},"83":{"start":{"line":149,"column":8},"end":{"line":155,"column":9}},"84":{"start":{"line":150,"column":12},"end":{"line":151,"column":25}},"85":{"start":{"line":151,"column":16},"end":{"line":151,"column":25}},"86":{"start":{"line":152,"column":24},"end":{"line":152,"column":61}},"87":{"start":{"line":153,"column":12},"end":{"line":154,"column":27}},"88":{"start":{"line":154,"column":16},"end":{"line":154,"column":27}},"89":{"start":{"line":156,"column":8},"end":{"line":156,"column":25}},"90":{"start":{"line":159,"column":0},"end":{"line":159,"column":31}}},"fnMap":{"0":{"name":"(anonymous_0)","decl":{"start":{"line":6,"column":4},"end":{"line":6,"column":5}},"loc":{"start":{"line":6,"column":18},"end":{"line":10,"column":5}},"line":6},"1":{"name":"(anonymous_1)","decl":{"start":{"line":12,"column":4},"end":{"line":12,"column":5}},"loc":{"start":{"line":12,"column":33},"end":{"line":16,"column":5}},"line":12},"2":{"name":"(anonymous_2)","decl":{"start":{"line":17,"column":4},"end":{"line":17,"column":5}},"loc":{"start":{"line":17,"column":33},"end":{"line":24,"column":5}},"line":17},"3":{"name":"(anonymous_3)","decl":{"start":{"line":25,"column":4},"end":{"line":25,"column":5}},"loc":{"start":{"line":25,"column":41},"end":{"line":29,"column":5}},"line":25},"4":{"name":"(anonymous_4)","decl":{"start":{"line":32,"column":4},"end":{"line":32,"column":5}},"loc":{"start":{"line":32,"column":44},"end":{"line":36,"column":5}},"line":32},"5":{"name":"(anonymous_5)","decl":{"start":{"line":33,"column":35},"end":{"line":33,"column":36}},"loc":{"start":{"line":33,"column":46},"end":{"line":35,"column":9}},"line":33},"6":{"name":"(anonymous_6)","decl":{"start":{"line":37,"column":4},"end":{"line":37,"column":5}},"loc":{"start":{"line":37,"column":31},"end":{"line":52,"column":5}},"line":37},"7":{"name":"(anonymous_7)","decl":{"start":{"line":55,"column":4},"end":{"line":55,"column":5}},"loc":{"start":{"line":55,"column":42},"end":{"line":61,"column":5}},"line":55},"8":{"name":"(anonymous_8)","decl":{"start":{"line":62,"column":4},"end":{"line":62,"column":5}},"loc":{"start":{"line":62,"column":19},"end":{"line":72,"column":5}},"line":62},"9":{"name":"(anonymous_9)","decl":{"start":{"line":73,"column":4},"end":{"line":73,"column":5}},"loc":{"start":{"line":73,"column":32},"end":{"line":84,"column":5}},"line":73},"10":{"name":"(anonymous_10)","decl":{"start":{"line":85,"column":4},"end":{"line":85,"column":5}},"loc":{"start":{"line":85,"column":30},"end":{"line":90,"column":5}},"line":85},"11":{"name":"(anonymous_11)","decl":{"start":{"line":91,"column":4},"end":{"line":91,"column":5}},"loc":{"start":{"line":91,"column":27},"end":{"line":99,"column":5}},"line":91},"12":{"name":"(anonymous_12)","decl":{"start":{"line":100,"column":4},"end":{"line":100,"column":5}},"loc":{"start":{"line":100,"column":39},"end":{"line":116,"column":5}},"line":100},"13":{"name":"(anonymous_13)","decl":{"start":{"line":117,"column":4},"end":{"line":117,"column":5}},"loc":{"start":{"line":117,"column":31},"end":{"line":120,"column":5}},"line":117},"14":{"name":"(anonymous_14)","decl":{"start":{"line":121,"column":4},"end":{"line":121,"column":5}},"loc":{"start":{"line":121,"column":38},"end":{"line":128,"column":5}},"line":121},"15":{"name":"(anonymous_15)","decl":{"start":{"line":129,"column":4},"end":{"line":129,"column":5}},"loc":{"start":{"line":129,"column":38},"end":{"line":138,"column":5}},"line":129},"16":{"name":"(anonymous_16)","decl":{"start":{"line":139,"column":4},"end":{"line":139,"column":5}},"loc":{"start":{"line":139,"column":42},"end":{"line":146,"column":5}},"line":139},"17":{"name":"(anonymous_17)","decl":{"start":{"line":147,"column":4},"end":{"line":147,"column":5}},"loc":{"start":{"line":147,"column":49},"end":{"line":157,"column":5}},"line":147}},"branchMap":{"0":{"loc":{"start":{"line":13,"column":8},"end":{"line":14,"column":54}},"type":"if","locations":[{"start":{"line":13,"column":8},"end":{"line":14,"column":54}},{"start":{"line":13,"column":8},"end":{"line":14,"column":54}}],"line":13},"1":{"loc":{"start":{"line":39,"column":12},"end":{"line":40,"column":25}},"type":"if","locations":[{"start":{"line":39,"column":12},"end":{"line":40,"column":25}},{"start":{"line":39,"column":12},"end":{"line":40,"column":25}}],"line":39},"2":{"loc":{"start":{"line":42,"column":12},"end":{"line":45,"column":13}},"type":"if","locations":[{"start":{"line":42,"column":12},"end":{"line":45,"column":13}},{"start":{"line":42,"column":12},"end":{"line":45,"column":13}}],"line":42},"3":{"loc":{"start":{"line":46,"column":12},"end":{"line":49,"column":13}},"type":"if","locations":[{"start":{"line":46,"column":12},"end":{"line":49,"column":13}},{"start":{"line":46,"column":12},"end":{"line":49,"column":13}}],"line":46},"4":{"loc":{"start":{"line":55,"column":31},"end":{"line":55,"column":40}},"type":"default-arg","locations":[{"start":{"line":55,"column":38},"end":{"line":55,"column":40}}],"line":55},"5":{"loc":{"start":{"line":58,"column":8},"end":{"line":59,"column":89}},"type":"if","locations":[{"start":{"line":58,"column":8},"end":{"line":59,"column":89}},{"start":{"line":58,"column":8},"end":{"line":59,"column":89}}],"line":58},"6":{"loc":{"start":{"line":63,"column":8},"end":{"line":64,"column":26}},"type":"if","locations":[{"start":{"line":63,"column":8},"end":{"line":64,"column":26}},{"start":{"line":63,"column":8},"end":{"line":64,"column":26}}],"line":63},"7":{"loc":{"start":{"line":65,"column":8},"end":{"line":70,"column":9}},"type":"if","locations":[{"start":{"line":65,"column":8},"end":{"line":70,"column":9}},{"start":{"line":65,"column":8},"end":{"line":70,"column":9}}],"line":65},"8":{"loc":{"start":{"line":66,"column":12},"end":{"line":67,"column":31}},"type":"if","locations":[{"start":{"line":66,"column":12},"end":{"line":67,"column":31}},{"start":{"line":66,"column":12},"end":{"line":67,"column":31}}],"line":66},"9":{"loc":{"start":{"line":68,"column":12},"end":{"line":69,"column":31}},"type":"if","locations":[{"start":{"line":68,"column":12},"end":{"line":69,"column":31}},{"start":{"line":68,"column":12},"end":{"line":69,"column":31}}],"line":68},"10":{"loc":{"start":{"line":86,"column":8},"end":{"line":88,"column":9}},"type":"if","locations":[{"start":{"line":86,"column":8},"end":{"line":88,"column":9}},{"start":{"line":86,"column":8},"end":{"line":88,"column":9}}],"line":86},"11":{"loc":{"start":{"line":93,"column":17},"end":{"line":93,"column":41}},"type":"binary-expr","locations":[{"start":{"line":93,"column":17},"end":{"line":93,"column":31}},{"start":{"line":93,"column":35},"end":{"line":93,"column":41}}],"line":93},"12":{"loc":{"start":{"line":101,"column":8},"end":{"line":103,"column":27}},"type":"if","locations":[{"start":{"line":101,"column":8},"end":{"line":103,"column":27}},{"start":{"line":101,"column":8},"end":{"line":103,"column":27}}],"line":101},"13":{"loc":{"start":{"line":104,"column":8},"end":{"line":106,"column":41}},"type":"if","locations":[{"start":{"line":104,"column":8},"end":{"line":106,"column":41}},{"start":{"line":104,"column":8},"end":{"line":106,"column":41}}],"line":104},"14":{"loc":{"start":{"line":107,"column":8},"end":{"line":109,"column":45}},"type":"if","locations":[{"start":{"line":107,"column":8},"end":{"line":109,"column":45}},{"start":{"line":107,"column":8},"end":{"line":109,"column":45}}],"line":107},"15":{"loc":{"start":{"line":110,"column":8},"end":{"line":112,"column":47}},"type":"if","locations":[{"start":{"line":110,"column":8},"end":{"line":112,"column":47}},{"start":{"line":110,"column":8},"end":{"line":112,"column":47}}],"line":110},"16":{"loc":{"start":{"line":113,"column":8},"end":{"line":115,"column":40}},"type":"if","locations":[{"start":{"line":113,"column":8},"end":{"line":115,"column":40}},{"start":{"line":113,"column":8},"end":{"line":115,"column":40}}],"line":113},"17":{"loc":{"start":{"line":123,"column":12},"end":{"line":124,"column":25}},"type":"if","locations":[{"start":{"line":123,"column":12},"end":{"line":124,"column":25}},{"start":{"line":123,"column":12},"end":{"line":124,"column":25}}],"line":123},"18":{"loc":{"start":{"line":131,"column":12},"end":{"line":132,"column":25}},"type":"if","locations":[{"start":{"line":131,"column":12},"end":{"line":132,"column":25}},{"start":{"line":131,"column":12},"end":{"line":132,"column":25}}],"line":131},"19":{"loc":{"start":{"line":134,"column":12},"end":{"line":135,"column":28}},"type":"if","locations":[{"start":{"line":134,"column":12},"end":{"line":135,"column":28}},{"start":{"line":134,"column":12},"end":{"line":135,"column":28}}],"line":134},"20":{"loc":{"start":{"line":141,"column":12},"end":{"line":142,"column":25}},"type":"if","locations":[{"start":{"line":141,"column":12},"end":{"line":142,"column":25}},{"start":{"line":141,"column":12},"end":{"line":142,"column":25}}],"line":141},"21":{"loc":{"start":{"line":143,"column":19},"end":{"line":143,"column":62}},"type":"binary-expr","locations":[{"start":{"line":143,"column":20},"end":{"line":143,"column":53}},{"start":{"line":143,"column":58},"end":{"line":143,"column":62}}],"line":143},"22":{"loc":{"start":{"line":150,"column":12},"end":{"line":151,"column":25}},"type":"if","locations":[{"start":{"line":150,"column":12},"end":{"line":151,"column":25}},{"start":{"line":150,"column":12},"end":{"line":151,"column":25}}],"line":150},"23":{"loc":{"start":{"line":153,"column":12},"end":{"line":154,"column":27}},"type":"if","locations":[{"start":{"line":153,"column":12},"end":{"line":154,"column":27}},{"start":{"line":153,"column":12},"end":{"line":154,"column":27}}],"line":153}},"s":{"0":2,"1":2,"2":2,"3":12,"4":12,"5":6,"6":0,"7":6,"8":6,"9":6,"10":0,"11":6,"12":6,"13":6,"14":13,"15":22,"16":23,"17":135,"18":44,"19":91,"20":88,"21":14,"22":14,"23":74,"24":16,"25":16,"26":58,"27":95,"28":95,"29":95,"30":6,"31":89,"32":236,"33":2,"34":234,"35":105,"36":36,"37":69,"38":1,"39":197,"40":6,"41":6,"42":36,"43":36,"44":36,"45":0,"46":36,"47":0,"48":36,"49":36,"50":36,"51":36,"52":36,"53":36,"54":0,"55":36,"56":0,"57":36,"58":0,"59":36,"60":0,"61":36,"62":0,"63":36,"64":36,"65":26,"66":156,"67":138,"68":18,"69":26,"70":5,"71":29,"72":24,"73":5,"74":5,"75":1,"76":4,"77":3,"78":18,"79":15,"80":3,"81":3,"82":0,"83":0,"84":0,"85":0,"86":0,"87":0,"88":0,"89":0,"90":2},"f":{"0":12,"1":6,"2":6,"3":6,"4":13,"5":22,"6":23,"7":95,"8":236,"9":6,"10":36,"11":36,"12":36,"13":36,"14":26,"15":5,"16":3,"17":0},"b":{"0":[0,6],"1":[44,91],"2":[14,74],"3":[16,58],"4":[4],"5":[6,89],"6":[2,234],"7":[105,129],"8":[36,69],"9":[1,68],"10":[0,36],"11":[36,0],"12":[0,36],"13":[0,36],"14":[0,36],"15":[0,36],"16":[0,36],"17":[138,18],"18":[24,5],"19":[1,4],"20":[15,3],"21":[3,3],"22":[0,0],"23":[0,0]},"_coverageSchema":"1a1c01bbd47fc00a2c39e90264f33305004495a9","hash":"19b37eb771f845875787ba0bda84363d93fb7627"}
,"/home/ilijaz/dev/git/Dunya.js/scripts/default-plugins/default-clear-out-directory.js": {"path":"/home/ilijaz/dev/git/Dunya.js/scripts/default-plugins/default-clear-out-directory.js","statementMap":{"0":{"start":{"line":2,"column":0},"end":{"line":2,"column":62}},"1":{"start":{"line":3,"column":11},"end":{"line":3,"column":30}},"2":{"start":{"line":4,"column":13},"end":{"line":4,"column":28}},"3":{"start":{"line":5,"column":13},"end":{"line":7,"column":1}},"4":{"start":{"line":8,"column":0},"end":{"line":8,"column":44}},"5":{"start":{"line":9,"column":0},"end":{"line":13,"column":2}},"6":{"start":{"line":10,"column":21},"end":{"line":10,"column":65}},"7":{"start":{"line":11,"column":4},"end":{"line":11,"column":44}},"8":{"start":{"line":12,"column":4},"end":{"line":12,"column":32}},"9":{"start":{"line":14,"column":0},"end":{"line":14,"column":25}}},"fnMap":{"0":{"name":"(anonymous_0)","decl":{"start":{"line":9,"column":18},"end":{"line":9,"column":19}},"loc":{"start":{"line":9,"column":39},"end":{"line":13,"column":1}},"line":9},"1":{"name":"(anonymous_1)","decl":{"start":{"line":11,"column":30},"end":{"line":11,"column":31}},"loc":{"start":{"line":11,"column":39},"end":{"line":11,"column":42}},"line":11}},"branchMap":{},"s":{"0":1,"1":1,"2":1,"3":1,"4":1,"5":1,"6":6,"7":6,"8":6,"9":1},"f":{"0":6,"1":6},"b":{},"_coverageSchema":"1a1c01bbd47fc00a2c39e90264f33305004495a9","hash":"5092b88dae723689f6c23e93838d56e9060ad54e"}
,"/home/ilijaz/dev/git/Dunya.js/scripts/default-plugins/default-html-compiler.js": {"path":"/home/ilijaz/dev/git/Dunya.js/scripts/default-plugins/default-html-compiler.js","statementMap":{"0":{"start":{"line":2,"column":0},"end":{"line":2,"column":62}},"1":{"start":{"line":3,"column":11},"end":{"line":3,"column":30}},"2":{"start":{"line":4,"column":13},"end":{"line":4,"column":34}},"3":{"start":{"line":6,"column":20},"end":{"line":6,"column":87}},"4":{"start":{"line":7,"column":4},"end":{"line":10,"column":5}},"5":{"start":{"line":8,"column":8},"end":{"line":8,"column":58}},"6":{"start":{"line":9,"column":8},"end":{"line":9,"column":21}},"7":{"start":{"line":11,"column":4},"end":{"line":11,"column":68}},"8":{"start":{"line":12,"column":4},"end":{"line":17,"column":5}},"9":{"start":{"line":13,"column":8},"end":{"line":13,"column":103}},"10":{"start":{"line":16,"column":8},"end":{"line":16,"column":27}},"11":{"start":{"line":18,"column":17},"end":{"line":18,"column":49}},"12":{"start":{"line":19,"column":15},"end":{"line":19,"column":81}},"13":{"start":{"line":20,"column":4},"end":{"line":20,"column":36}},"14":{"start":{"line":21,"column":4},"end":{"line":21,"column":32}},"15":{"start":{"line":22,"column":4},"end":{"line":22,"column":16}},"16":{"start":{"line":25,"column":4},"end":{"line":25,"column":17}},"17":{"start":{"line":27,"column":13},"end":{"line":29,"column":1}},"18":{"start":{"line":30,"column":0},"end":{"line":30,"column":38}},"19":{"start":{"line":31,"column":0},"end":{"line":38,"column":2}},"20":{"start":{"line":32,"column":16},"end":{"line":32,"column":38}},"21":{"start":{"line":33,"column":4},"end":{"line":34,"column":21}},"22":{"start":{"line":34,"column":8},"end":{"line":34,"column":21}},"23":{"start":{"line":35,"column":4},"end":{"line":36,"column":53}},"24":{"start":{"line":36,"column":8},"end":{"line":36,"column":53}},"25":{"start":{"line":37,"column":4},"end":{"line":37,"column":45}},"26":{"start":{"line":39,"column":0},"end":{"line":39,"column":25}}},"fnMap":{"0":{"name":"compileHtml","decl":{"start":{"line":5,"column":15},"end":{"line":5,"column":26}},"loc":{"start":{"line":5,"column":49},"end":{"line":23,"column":1}},"line":5},"1":{"name":"(anonymous_1)","decl":{"start":{"line":11,"column":54},"end":{"line":11,"column":55}},"loc":{"start":{"line":11,"column":63},"end":{"line":11,"column":66}},"line":11},"2":{"name":"compileTemplate","decl":{"start":{"line":24,"column":15},"end":{"line":24,"column":30}},"loc":{"start":{"line":24,"column":53},"end":{"line":26,"column":1}},"line":24},"3":{"name":"(anonymous_3)","decl":{"start":{"line":31,"column":32},"end":{"line":31,"column":33}},"loc":{"start":{"line":31,"column":70},"end":{"line":38,"column":1}},"line":31}},"branchMap":{"0":{"loc":{"start":{"line":7,"column":4},"end":{"line":10,"column":5}},"type":"if","locations":[{"start":{"line":7,"column":4},"end":{"line":10,"column":5}},{"start":{"line":7,"column":4},"end":{"line":10,"column":5}}],"line":7},"1":{"loc":{"start":{"line":33,"column":4},"end":{"line":34,"column":21}},"type":"if","locations":[{"start":{"line":33,"column":4},"end":{"line":34,"column":21}},{"start":{"line":33,"column":4},"end":{"line":34,"column":21}}],"line":33},"2":{"loc":{"start":{"line":35,"column":4},"end":{"line":36,"column":53}},"type":"if","locations":[{"start":{"line":35,"column":4},"end":{"line":36,"column":53}},{"start":{"line":35,"column":4},"end":{"line":36,"column":53}}],"line":35}},"s":{"0":1,"1":1,"2":1,"3":1,"4":1,"5":0,"6":0,"7":1,"8":1,"9":1,"10":0,"11":1,"12":1,"13":1,"14":1,"15":1,"16":1,"17":1,"18":1,"19":1,"20":3,"21":3,"22":1,"23":2,"24":1,"25":1,"26":1},"f":{"0":1,"1":1,"2":1,"3":3},"b":{"0":[0,1],"1":[1,2],"2":[1,1]},"_coverageSchema":"1a1c01bbd47fc00a2c39e90264f33305004495a9","hash":"eabc1eacc2452f4bfcd095c44c0ce82ce17a8979"}
,"/home/ilijaz/dev/git/Dunya.js/scripts/default-plugins/default-inline-script-compiler.js": {"path":"/home/ilijaz/dev/git/Dunya.js/scripts/default-plugins/default-inline-script-compiler.js","statementMap":{"0":{"start":{"line":2,"column":0},"end":{"line":2,"column":62}},"1":{"start":{"line":3,"column":11},"end":{"line":3,"column":30}},"2":{"start":{"line":4,"column":13},"end":{"line":4,"column":34}},"3":{"start":{"line":5,"column":13},"end":{"line":5,"column":28}},"4":{"start":{"line":7,"column":4},"end":{"line":7,"column":22}},"5":{"start":{"line":8,"column":4},"end":{"line":8,"column":24}},"6":{"start":{"line":9,"column":4},"end":{"line":9,"column":26}},"7":{"start":{"line":10,"column":4},"end":{"line":18,"column":11}},"8":{"start":{"line":21,"column":4},"end":{"line":27,"column":5}},"9":{"start":{"line":22,"column":8},"end":{"line":22,"column":72}},"10":{"start":{"line":23,"column":8},"end":{"line":23,"column":103}},"11":{"start":{"line":26,"column":8},"end":{"line":26,"column":27}},"12":{"start":{"line":30,"column":4},"end":{"line":30,"column":68}},"13":{"start":{"line":31,"column":4},"end":{"line":31,"column":82}},"14":{"start":{"line":34,"column":4},"end":{"line":51,"column":7}},"15":{"start":{"line":35,"column":26},"end":{"line":35,"column":57}},"16":{"start":{"line":36,"column":8},"end":{"line":50,"column":11}},"17":{"start":{"line":37,"column":12},"end":{"line":45,"column":13}},"18":{"start":{"line":38,"column":34},"end":{"line":38,"column":61}},"19":{"start":{"line":39,"column":16},"end":{"line":39,"column":53}},"20":{"start":{"line":40,"column":28},"end":{"line":40,"column":104}},"21":{"start":{"line":41,"column":16},"end":{"line":41,"column":52}},"22":{"start":{"line":42,"column":16},"end":{"line":42,"column":61}},"23":{"start":{"line":43,"column":16},"end":{"line":44,"column":55}},"24":{"start":{"line":44,"column":20},"end":{"line":44,"column":55}},"25":{"start":{"line":46,"column":12},"end":{"line":49,"column":15}},"26":{"start":{"line":54,"column":4},"end":{"line":54,"column":42}},"27":{"start":{"line":57,"column":4},"end":{"line":57,"column":41}},"28":{"start":{"line":60,"column":4},"end":{"line":60,"column":52}},"29":{"start":{"line":63,"column":18},"end":{"line":63,"column":60}},"30":{"start":{"line":64,"column":19},"end":{"line":64,"column":62}},"31":{"start":{"line":65,"column":17},"end":{"line":65,"column":58}},"32":{"start":{"line":66,"column":4},"end":{"line":66,"column":36}},"33":{"start":{"line":67,"column":4},"end":{"line":67,"column":67}},"34":{"start":{"line":68,"column":4},"end":{"line":68,"column":16}},"35":{"start":{"line":71,"column":4},"end":{"line":71,"column":49}},"36":{"start":{"line":72,"column":4},"end":{"line":72,"column":16}},"37":{"start":{"line":74,"column":13},"end":{"line":76,"column":1}},"38":{"start":{"line":77,"column":0},"end":{"line":77,"column":47}},"39":{"start":{"line":78,"column":0},"end":{"line":91,"column":2}},"40":{"start":{"line":79,"column":16},"end":{"line":79,"column":38}},"41":{"start":{"line":80,"column":20},"end":{"line":80,"column":42}},"42":{"start":{"line":81,"column":4},"end":{"line":82,"column":21}},"43":{"start":{"line":82,"column":8},"end":{"line":82,"column":21}},"44":{"start":{"line":83,"column":4},"end":{"line":85,"column":5}},"45":{"start":{"line":84,"column":8},"end":{"line":84,"column":73}},"46":{"start":{"line":86,"column":29},"end":{"line":86,"column":75}},"47":{"start":{"line":87,"column":29},"end":{"line":87,"column":54}},"48":{"start":{"line":88,"column":4},"end":{"line":89,"column":67}},"49":{"start":{"line":89,"column":8},"end":{"line":89,"column":67}},"50":{"start":{"line":90,"column":4},"end":{"line":90,"column":17}},"51":{"start":{"line":92,"column":0},"end":{"line":92,"column":25}}},"fnMap":{"0":{"name":"generateHTML","decl":{"start":{"line":6,"column":9},"end":{"line":6,"column":21}},"loc":{"start":{"line":6,"column":43},"end":{"line":19,"column":1}},"line":6},"1":{"name":"addTemplate","decl":{"start":{"line":20,"column":15},"end":{"line":20,"column":26}},"loc":{"start":{"line":20,"column":41},"end":{"line":28,"column":1}},"line":20},"2":{"name":"(anonymous_2)","decl":{"start":{"line":22,"column":58},"end":{"line":22,"column":59}},"loc":{"start":{"line":22,"column":67},"end":{"line":22,"column":70}},"line":22},"3":{"name":"addHtml","decl":{"start":{"line":29,"column":15},"end":{"line":29,"column":22}},"loc":{"start":{"line":29,"column":43},"end":{"line":32,"column":1}},"line":29},"4":{"name":"(anonymous_4)","decl":{"start":{"line":30,"column":54},"end":{"line":30,"column":55}},"loc":{"start":{"line":30,"column":63},"end":{"line":30,"column":66}},"line":30},"5":{"name":"findFile","decl":{"start":{"line":33,"column":9},"end":{"line":33,"column":17}},"loc":{"start":{"line":33,"column":37},"end":{"line":52,"column":1}},"line":33},"6":{"name":"(anonymous_6)","decl":{"start":{"line":34,"column":23},"end":{"line":34,"column":24}},"loc":{"start":{"line":34,"column":44},"end":{"line":51,"column":5}},"line":34},"7":{"name":"(anonymous_7)","decl":{"start":{"line":36,"column":40},"end":{"line":36,"column":41}},"loc":{"start":{"line":36,"column":62},"end":{"line":50,"column":9}},"line":36},"8":{"name":"getStyle","decl":{"start":{"line":53,"column":9},"end":{"line":53,"column":17}},"loc":{"start":{"line":53,"column":32},"end":{"line":55,"column":1}},"line":53},"9":{"name":"getScript","decl":{"start":{"line":56,"column":9},"end":{"line":56,"column":18}},"loc":{"start":{"line":56,"column":33},"end":{"line":58,"column":1}},"line":56},"10":{"name":"getHTML","decl":{"start":{"line":59,"column":9},"end":{"line":59,"column":16}},"loc":{"start":{"line":59,"column":31},"end":{"line":61,"column":1}},"line":59},"11":{"name":"inlineScriptCompiler","decl":{"start":{"line":62,"column":15},"end":{"line":62,"column":35}},"loc":{"start":{"line":62,"column":67},"end":{"line":69,"column":1}},"line":62},"12":{"name":"updateInlineScriptFile","decl":{"start":{"line":70,"column":15},"end":{"line":70,"column":37}},"loc":{"start":{"line":70,"column":61},"end":{"line":73,"column":1}},"line":70},"13":{"name":"(anonymous_13)","decl":{"start":{"line":78,"column":32},"end":{"line":78,"column":33}},"loc":{"start":{"line":78,"column":70},"end":{"line":91,"column":1}},"line":78}},"branchMap":{"0":{"loc":{"start":{"line":7,"column":11},"end":{"line":7,"column":21}},"type":"binary-expr","locations":[{"start":{"line":7,"column":11},"end":{"line":7,"column":15}},{"start":{"line":7,"column":19},"end":{"line":7,"column":21}}],"line":7},"1":{"loc":{"start":{"line":8,"column":12},"end":{"line":8,"column":23}},"type":"binary-expr","locations":[{"start":{"line":8,"column":12},"end":{"line":8,"column":17}},{"start":{"line":8,"column":21},"end":{"line":8,"column":23}}],"line":8},"2":{"loc":{"start":{"line":9,"column":13},"end":{"line":9,"column":25}},"type":"binary-expr","locations":[{"start":{"line":9,"column":13},"end":{"line":9,"column":19}},{"start":{"line":9,"column":23},"end":{"line":9,"column":25}}],"line":9},"3":{"loc":{"start":{"line":41,"column":27},"end":{"line":41,"column":51}},"type":"binary-expr","locations":[{"start":{"line":41,"column":27},"end":{"line":41,"column":39}},{"start":{"line":41,"column":43},"end":{"line":41,"column":51}}],"line":41},"4":{"loc":{"start":{"line":42,"column":30},"end":{"line":42,"column":60}},"type":"binary-expr","locations":[{"start":{"line":42,"column":30},"end":{"line":42,"column":45}},{"start":{"line":42,"column":49},"end":{"line":42,"column":60}}],"line":42},"5":{"loc":{"start":{"line":43,"column":16},"end":{"line":44,"column":55}},"type":"if","locations":[{"start":{"line":43,"column":16},"end":{"line":44,"column":55}},{"start":{"line":43,"column":16},"end":{"line":44,"column":55}}],"line":43},"6":{"loc":{"start":{"line":81,"column":4},"end":{"line":82,"column":21}},"type":"if","locations":[{"start":{"line":81,"column":4},"end":{"line":82,"column":21}},{"start":{"line":81,"column":4},"end":{"line":82,"column":21}}],"line":81},"7":{"loc":{"start":{"line":83,"column":4},"end":{"line":85,"column":5}},"type":"if","locations":[{"start":{"line":83,"column":4},"end":{"line":85,"column":5}},{"start":{"line":83,"column":4},"end":{"line":85,"column":5}}],"line":83},"8":{"loc":{"start":{"line":88,"column":4},"end":{"line":89,"column":67}},"type":"if","locations":[{"start":{"line":88,"column":4},"end":{"line":89,"column":67}},{"start":{"line":88,"column":4},"end":{"line":89,"column":67}}],"line":88}},"s":{"0":1,"1":1,"2":1,"3":1,"4":0,"5":0,"6":0,"7":0,"8":0,"9":0,"10":0,"11":0,"12":0,"13":0,"14":0,"15":0,"16":0,"17":0,"18":0,"19":0,"20":0,"21":0,"22":0,"23":0,"24":0,"25":0,"26":0,"27":0,"28":0,"29":0,"30":0,"31":0,"32":0,"33":0,"34":0,"35":0,"36":0,"37":1,"38":1,"39":1,"40":2,"41":2,"42":2,"43":2,"44":0,"45":0,"46":0,"47":0,"48":0,"49":0,"50":0,"51":1},"f":{"0":0,"1":0,"2":0,"3":0,"4":0,"5":0,"6":0,"7":0,"8":0,"9":0,"10":0,"11":0,"12":0,"13":2},"b":{"0":[0,0],"1":[0,0],"2":[0,0],"3":[0,0],"4":[0,0],"5":[0,0],"6":[2,0],"7":[0,0],"8":[0,0]},"_coverageSchema":"1a1c01bbd47fc00a2c39e90264f33305004495a9","hash":"6e65b72eb8305d70147351af811f7a7fb7fb4b8b"}
,"/home/ilijaz/dev/git/Dunya.js/scripts/default-plugins/default-link-template-file.js": {"path":"/home/ilijaz/dev/git/Dunya.js/scripts/default-plugins/default-link-template-file.js","statementMap":{"0":{"start":{"line":2,"column":0},"end":{"line":2,"column":62}},"1":{"start":{"line":3,"column":11},"end":{"line":3,"column":30}},"2":{"start":{"line":4,"column":13},"end":{"line":4,"column":28}},"3":{"start":{"line":5,"column":13},"end":{"line":7,"column":1}},"4":{"start":{"line":8,"column":0},"end":{"line":8,"column":43}},"5":{"start":{"line":9,"column":0},"end":{"line":16,"column":2}},"6":{"start":{"line":10,"column":4},"end":{"line":15,"column":6}},"7":{"start":{"line":11,"column":25},"end":{"line":11,"column":65}},"8":{"start":{"line":12,"column":8},"end":{"line":13,"column":54}},"9":{"start":{"line":13,"column":12},"end":{"line":13,"column":54}},"10":{"start":{"line":14,"column":8},"end":{"line":14,"column":56}},"11":{"start":{"line":17,"column":0},"end":{"line":17,"column":25}}},"fnMap":{"0":{"name":"(anonymous_0)","decl":{"start":{"line":9,"column":15},"end":{"line":9,"column":16}},"loc":{"start":{"line":9,"column":36},"end":{"line":16,"column":1}},"line":9},"1":{"name":"(anonymous_1)","decl":{"start":{"line":10,"column":25},"end":{"line":10,"column":26}},"loc":{"start":{"line":10,"column":43},"end":{"line":15,"column":5}},"line":10}},"branchMap":{"0":{"loc":{"start":{"line":12,"column":8},"end":{"line":13,"column":54}},"type":"if","locations":[{"start":{"line":12,"column":8},"end":{"line":13,"column":54}},{"start":{"line":12,"column":8},"end":{"line":13,"column":54}}],"line":12}},"s":{"0":1,"1":1,"2":1,"3":1,"4":1,"5":1,"6":6,"7":1,"8":1,"9":0,"10":1,"11":1},"f":{"0":6,"1":1},"b":{"0":[0,1]},"_coverageSchema":"1a1c01bbd47fc00a2c39e90264f33305004495a9","hash":"00c42c7814fa0d13ebe60599493e00cbc25562b0"}
,"/home/ilijaz/dev/git/Dunya.js/scripts/default-plugins/default-validate-in-directory.js": {"path":"/home/ilijaz/dev/git/Dunya.js/scripts/default-plugins/default-validate-in-directory.js","statementMap":{"0":{"start":{"line":2,"column":0},"end":{"line":2,"column":62}},"1":{"start":{"line":3,"column":11},"end":{"line":3,"column":30}},"2":{"start":{"line":4,"column":13},"end":{"line":6,"column":1}},"3":{"start":{"line":7,"column":0},"end":{"line":7,"column":46}},"4":{"start":{"line":8,"column":0},"end":{"line":11,"column":2}},"5":{"start":{"line":9,"column":4},"end":{"line":10,"column":35}},"6":{"start":{"line":10,"column":8},"end":{"line":10,"column":35}},"7":{"start":{"line":12,"column":0},"end":{"line":12,"column":25}}},"fnMap":{"0":{"name":"(anonymous_0)","decl":{"start":{"line":8,"column":18},"end":{"line":8,"column":19}},"loc":{"start":{"line":8,"column":39},"end":{"line":11,"column":1}},"line":8}},"branchMap":{"0":{"loc":{"start":{"line":9,"column":4},"end":{"line":10,"column":35}},"type":"if","locations":[{"start":{"line":9,"column":4},"end":{"line":10,"column":35}},{"start":{"line":9,"column":4},"end":{"line":10,"column":35}}],"line":9}},"s":{"0":1,"1":1,"2":1,"3":1,"4":1,"5":6,"6":0,"7":1},"f":{"0":6},"b":{"0":[0,6]},"_coverageSchema":"1a1c01bbd47fc00a2c39e90264f33305004495a9","hash":"a379f8add42948eec932e2cb60e38da129ed875c"}
,"/home/ilijaz/dev/git/Dunya.js/scripts/default-plugins/dunya-sass-support.js": {"path":"/home/ilijaz/dev/git/Dunya.js/scripts/default-plugins/dunya-sass-support.js","statementMap":{"0":{"start":{"line":2,"column":0},"end":{"line":2,"column":62}},"1":{"start":{"line":3,"column":11},"end":{"line":3,"column":30}},"2":{"start":{"line":4,"column":13},"end":{"line":4,"column":34}},"3":{"start":{"line":5,"column":13},"end":{"line":5,"column":28}},"4":{"start":{"line":7,"column":4},"end":{"line":11,"column":24}},"5":{"start":{"line":13,"column":13},"end":{"line":15,"column":1}},"6":{"start":{"line":16,"column":0},"end":{"line":16,"column":35}},"7":{"start":{"line":17,"column":0},"end":{"line":34,"column":2}},"8":{"start":{"line":18,"column":29},"end":{"line":18,"column":37}},"9":{"start":{"line":19,"column":16},"end":{"line":19,"column":38}},"10":{"start":{"line":20,"column":4},"end":{"line":21,"column":25}},"11":{"start":{"line":21,"column":8},"end":{"line":21,"column":25}},"12":{"start":{"line":22,"column":21},"end":{"line":22,"column":68}},"13":{"start":{"line":23,"column":4},"end":{"line":23,"column":53}},"14":{"start":{"line":24,"column":4},"end":{"line":25,"column":28}},"15":{"start":{"line":25,"column":8},"end":{"line":25,"column":28}},"16":{"start":{"line":26,"column":4},"end":{"line":32,"column":5}},"17":{"start":{"line":27,"column":8},"end":{"line":27,"column":53}},"18":{"start":{"line":30,"column":8},"end":{"line":30,"column":88}},"19":{"start":{"line":31,"column":8},"end":{"line":31,"column":25}},"20":{"start":{"line":33,"column":4},"end":{"line":33,"column":37}},"21":{"start":{"line":35,"column":0},"end":{"line":43,"column":2}},"22":{"start":{"line":36,"column":16},"end":{"line":36,"column":38}},"23":{"start":{"line":37,"column":4},"end":{"line":38,"column":25}},"24":{"start":{"line":38,"column":8},"end":{"line":38,"column":25}},"25":{"start":{"line":39,"column":4},"end":{"line":39,"column":80}},"26":{"start":{"line":40,"column":4},"end":{"line":41,"column":24}},"27":{"start":{"line":41,"column":8},"end":{"line":41,"column":24}},"28":{"start":{"line":42,"column":4},"end":{"line":42,"column":21}},"29":{"start":{"line":44,"column":0},"end":{"line":44,"column":25}}},"fnMap":{"0":{"name":"compileScss","decl":{"start":{"line":6,"column":15},"end":{"line":6,"column":26}},"loc":{"start":{"line":6,"column":33},"end":{"line":12,"column":1}},"line":6},"1":{"name":"(anonymous_1)","decl":{"start":{"line":17,"column":18},"end":{"line":17,"column":19}},"loc":{"start":{"line":17,"column":77},"end":{"line":34,"column":1}},"line":17},"2":{"name":"(anonymous_2)","decl":{"start":{"line":35,"column":25},"end":{"line":35,"column":26}},"loc":{"start":{"line":35,"column":57},"end":{"line":43,"column":1}},"line":35}},"branchMap":{"0":{"loc":{"start":{"line":20,"column":4},"end":{"line":21,"column":25}},"type":"if","locations":[{"start":{"line":20,"column":4},"end":{"line":21,"column":25}},{"start":{"line":20,"column":4},"end":{"line":21,"column":25}}],"line":20},"1":{"loc":{"start":{"line":24,"column":4},"end":{"line":25,"column":28}},"type":"if","locations":[{"start":{"line":24,"column":4},"end":{"line":25,"column":28}},{"start":{"line":24,"column":4},"end":{"line":25,"column":28}}],"line":24},"2":{"loc":{"start":{"line":37,"column":4},"end":{"line":38,"column":25}},"type":"if","locations":[{"start":{"line":37,"column":4},"end":{"line":38,"column":25}},{"start":{"line":37,"column":4},"end":{"line":38,"column":25}}],"line":37},"3":{"loc":{"start":{"line":40,"column":4},"end":{"line":41,"column":24}},"type":"if","locations":[{"start":{"line":40,"column":4},"end":{"line":41,"column":24}},{"start":{"line":40,"column":4},"end":{"line":41,"column":24}}],"line":40}},"s":{"0":1,"1":1,"2":1,"3":1,"4":0,"5":1,"6":1,"7":1,"8":3,"9":3,"10":3,"11":3,"12":0,"13":0,"14":0,"15":0,"16":0,"17":0,"18":0,"19":0,"20":0,"21":1,"22":0,"23":0,"24":0,"25":0,"26":0,"27":0,"28":0,"29":1},"f":{"0":0,"1":3,"2":0},"b":{"0":[3,0],"1":[0,0],"2":[0,0],"3":[0,0]},"_coverageSchema":"1a1c01bbd47fc00a2c39e90264f33305004495a9","hash":"f61eaf54a705f0e3fd11ef37401e459543411bba"}
}
