{"/home/ilijaz/dev/git/Dunya.js/scripts/DunyaWrapper.js": {"path":"/home/ilijaz/dev/git/Dunya.js/scripts/DunyaWrapper.js","statementMap":{"0":{"start":{"line":2,"column":0},"end":{"line":2,"column":62}},"1":{"start":{"line":3,"column":13},"end":{"line":3,"column":28}},"2":{"start":{"line":4,"column":11},"end":{"line":4,"column":30}},"3":{"start":{"line":8,"column":8},"end":{"line":8,"column":60}},"4":{"start":{"line":9,"column":8},"end":{"line":9,"column":50}},"5":{"start":{"line":13,"column":8},"end":{"line":14,"column":54}},"6":{"start":{"line":14,"column":12},"end":{"line":14,"column":54}},"7":{"start":{"line":15,"column":8},"end":{"line":15,"column":56}},"8":{"start":{"line":18,"column":8},"end":{"line":23,"column":9}},"9":{"start":{"line":19,"column":12},"end":{"line":19,"column":39}},"10":{"start":{"line":22,"column":12},"end":{"line":22,"column":88}},"11":{"start":{"line":26,"column":21},"end":{"line":26,"column":44}},"12":{"start":{"line":27,"column":24},"end":{"line":27,"column":57}},"13":{"start":{"line":28,"column":8},"end":{"line":28,"column":49}},"14":{"start":{"line":33,"column":8},"end":{"line":35,"column":11}},"15":{"start":{"line":34,"column":12},"end":{"line":34,"column":44}},"16":{"start":{"line":38,"column":8},"end":{"line":51,"column":9}},"17":{"start":{"line":39,"column":12},"end":{"line":40,"column":25}},"18":{"start":{"line":40,"column":16},"end":{"line":40,"column":25}},"19":{"start":{"line":41,"column":25},"end":{"line":41,"column":77}},"20":{"start":{"line":42,"column":12},"end":{"line":45,"column":13}},"21":{"start":{"line":43,"column":16},"end":{"line":43,"column":66}},"22":{"start":{"line":44,"column":16},"end":{"line":44,"column":25}},"23":{"start":{"line":46,"column":12},"end":{"line":49,"column":13}},"24":{"start":{"line":47,"column":16},"end":{"line":47,"column":64}},"25":{"start":{"line":48,"column":16},"end":{"line":48,"column":25}},"26":{"start":{"line":50,"column":12},"end":{"line":50,"column":39}},"27":{"start":{"line":56,"column":25},"end":{"line":56,"column":42}},"28":{"start":{"line":57,"column":26},"end":{"line":57,"column":44}},"29":{"start":{"line":58,"column":8},"end":{"line":59,"column":89}},"30":{"start":{"line":59,"column":12},"end":{"line":59,"column":89}},"31":{"start":{"line":60,"column":8},"end":{"line":60,"column":24}},"32":{"start":{"line":63,"column":8},"end":{"line":64,"column":26}},"33":{"start":{"line":64,"column":12},"end":{"line":64,"column":26}},"34":{"start":{"line":65,"column":8},"end":{"line":70,"column":9}},"35":{"start":{"line":66,"column":12},"end":{"line":67,"column":31}},"36":{"start":{"line":67,"column":16},"end":{"line":67,"column":31}},"37":{"start":{"line":68,"column":12},"end":{"line":69,"column":31}},"38":{"start":{"line":69,"column":16},"end":{"line":69,"column":31}},"39":{"start":{"line":71,"column":8},"end":{"line":71,"column":29}},"40":{"start":{"line":74,"column":8},"end":{"line":74,"column":26}},"41":{"start":{"line":75,"column":8},"end":{"line":83,"column":9}},"42":{"start":{"line":76,"column":12},"end":{"line":82,"column":13}},"43":{"start":{"line":77,"column":47},"end":{"line":77,"column":70}},"44":{"start":{"line":78,"column":16},"end":{"line":78,"column":53}},"45":{"start":{"line":81,"column":16},"end":{"line":81,"column":97}},"46":{"start":{"line":86,"column":8},"end":{"line":88,"column":9}},"47":{"start":{"line":87,"column":12},"end":{"line":87,"column":34}},"48":{"start":{"line":89,"column":8},"end":{"line":89,"column":38}},"49":{"start":{"line":92,"column":21},"end":{"line":92,"column":62}},"50":{"start":{"line":93,"column":8},"end":{"line":93,"column":42}},"51":{"start":{"line":94,"column":8},"end":{"line":94,"column":48}},"52":{"start":{"line":95,"column":8},"end":{"line":98,"column":10}},"53":{"start":{"line":101,"column":8},"end":{"line":103,"column":27}},"54":{"start":{"line":102,"column":12},"end":{"line":103,"column":27}},"55":{"start":{"line":104,"column":8},"end":{"line":106,"column":41}},"56":{"start":{"line":105,"column":12},"end":{"line":106,"column":41}},"57":{"start":{"line":107,"column":8},"end":{"line":109,"column":45}},"58":{"start":{"line":108,"column":12},"end":{"line":109,"column":45}},"59":{"start":{"line":110,"column":8},"end":{"line":112,"column":47}},"60":{"start":{"line":111,"column":12},"end":{"line":112,"column":47}},"61":{"start":{"line":113,"column":8},"end":{"line":115,"column":40}},"62":{"start":{"line":114,"column":12},"end":{"line":115,"column":40}},"63":{"start":{"line":118,"column":8},"end":{"line":118,"column":46}},"64":{"start":{"line":119,"column":8},"end":{"line":119,"column":66}},"65":{"start":{"line":122,"column":8},"end":{"line":126,"column":9}},"66":{"start":{"line":123,"column":12},"end":{"line":124,"column":25}},"67":{"start":{"line":124,"column":16},"end":{"line":124,"column":25}},"68":{"start":{"line":125,"column":12},"end":{"line":125,"column":46}},"69":{"start":{"line":127,"column":8},"end":{"line":127,"column":15}},"70":{"start":{"line":130,"column":8},"end":{"line":136,"column":9}},"71":{"start":{"line":131,"column":12},"end":{"line":132,"column":25}},"72":{"start":{"line":132,"column":16},"end":{"line":132,"column":25}},"73":{"start":{"line":133,"column":24},"end":{"line":133,"column":57}},"74":{"start":{"line":134,"column":12},"end":{"line":135,"column":28}},"75":{"start":{"line":135,"column":16},"end":{"line":135,"column":28}},"76":{"start":{"line":137,"column":8},"end":{"line":137,"column":21}},"77":{"start":{"line":140,"column":8},"end":{"line":144,"column":9}},"78":{"start":{"line":141,"column":12},"end":{"line":142,"column":25}},"79":{"start":{"line":142,"column":16},"end":{"line":142,"column":25}},"80":{"start":{"line":143,"column":12},"end":{"line":143,"column":63}},"81":{"start":{"line":145,"column":8},"end":{"line":145,"column":20}},"82":{"start":{"line":148,"column":21},"end":{"line":148,"column":38}},"83":{"start":{"line":149,"column":8},"end":{"line":155,"column":9}},"84":{"start":{"line":150,"column":12},"end":{"line":151,"column":25}},"85":{"start":{"line":151,"column":16},"end":{"line":151,"column":25}},"86":{"start":{"line":152,"column":24},"end":{"line":152,"column":61}},"87":{"start":{"line":153,"column":12},"end":{"line":154,"column":27}},"88":{"start":{"line":154,"column":16},"end":{"line":154,"column":27}},"89":{"start":{"line":156,"column":8},"end":{"line":156,"column":25}},"90":{"start":{"line":159,"column":0},"end":{"line":159,"column":31}}},"fnMap":{"0":{"name":"(anonymous_0)","decl":{"start":{"line":6,"column":4},"end":{"line":6,"column":5}},"loc":{"start":{"line":6,"column":18},"end":{"line":10,"column":5}},"line":6},"1":{"name":"(anonymous_1)","decl":{"start":{"line":12,"column":4},"end":{"line":12,"column":5}},"loc":{"start":{"line":12,"column":33},"end":{"line":16,"column":5}},"line":12},"2":{"name":"(anonymous_2)","decl":{"start":{"line":17,"column":4},"end":{"line":17,"column":5}},"loc":{"start":{"line":17,"column":33},"end":{"line":24,"column":5}},"line":17},"3":{"name":"(anonymous_3)","decl":{"start":{"line":25,"column":4},"end":{"line":25,"column":5}},"loc":{"start":{"line":25,"column":41},"end":{"line":29,"column":5}},"line":25},"4":{"name":"(anonymous_4)","decl":{"start":{"line":32,"column":4},"end":{"line":32,"column":5}},"loc":{"start":{"line":32,"column":44},"end":{"line":36,"column":5}},"line":32},"5":{"name":"(anonymous_5)","decl":{"start":{"line":33,"column":35},"end":{"line":33,"column":36}},"loc":{"start":{"line":33,"column":46},"end":{"line":35,"column":9}},"line":33},"6":{"name":"(anonymous_6)","decl":{"start":{"line":37,"column":4},"end":{"line":37,"column":5}},"loc":{"start":{"line":37,"column":31},"end":{"line":52,"column":5}},"line":37},"7":{"name":"(anonymous_7)","decl":{"start":{"line":55,"column":4},"end":{"line":55,"column":5}},"loc":{"start":{"line":55,"column":42},"end":{"line":61,"column":5}},"line":55},"8":{"name":"(anonymous_8)","decl":{"start":{"line":62,"column":4},"end":{"line":62,"column":5}},"loc":{"start":{"line":62,"column":19},"end":{"line":72,"column":5}},"line":62},"9":{"name":"(anonymous_9)","decl":{"start":{"line":73,"column":4},"end":{"line":73,"column":5}},"loc":{"start":{"line":73,"column":32},"end":{"line":84,"column":5}},"line":73},"10":{"name":"(anonymous_10)","decl":{"start":{"line":85,"column":4},"end":{"line":85,"column":5}},"loc":{"start":{"line":85,"column":30},"end":{"line":90,"column":5}},"line":85},"11":{"name":"(anonymous_11)","decl":{"start":{"line":91,"column":4},"end":{"line":91,"column":5}},"loc":{"start":{"line":91,"column":27},"end":{"line":99,"column":5}},"line":91},"12":{"name":"(anonymous_12)","decl":{"start":{"line":100,"column":4},"end":{"line":100,"column":5}},"loc":{"start":{"line":100,"column":39},"end":{"line":116,"column":5}},"line":100},"13":{"name":"(anonymous_13)","decl":{"start":{"line":117,"column":4},"end":{"line":117,"column":5}},"loc":{"start":{"line":117,"column":31},"end":{"line":120,"column":5}},"line":117},"14":{"name":"(anonymous_14)","decl":{"start":{"line":121,"column":4},"end":{"line":121,"column":5}},"loc":{"start":{"line":121,"column":38},"end":{"line":128,"column":5}},"line":121},"15":{"name":"(anonymous_15)","decl":{"start":{"line":129,"column":4},"end":{"line":129,"column":5}},"loc":{"start":{"line":129,"column":38},"end":{"line":138,"column":5}},"line":129},"16":{"name":"(anonymous_16)","decl":{"start":{"line":139,"column":4},"end":{"line":139,"column":5}},"loc":{"start":{"line":139,"column":42},"end":{"line":146,"column":5}},"line":139},"17":{"name":"(anonymous_17)","decl":{"start":{"line":147,"column":4},"end":{"line":147,"column":5}},"loc":{"start":{"line":147,"column":37},"end":{"line":157,"column":5}},"line":147}},"branchMap":{"0":{"loc":{"start":{"line":13,"column":8},"end":{"line":14,"column":54}},"type":"if","locations":[{"start":{"line":13,"column":8},"end":{"line":14,"column":54}},{"start":{"line":13,"column":8},"end":{"line":14,"column":54}}],"line":13},"1":{"loc":{"start":{"line":39,"column":12},"end":{"line":40,"column":25}},"type":"if","locations":[{"start":{"line":39,"column":12},"end":{"line":40,"column":25}},{"start":{"line":39,"column":12},"end":{"line":40,"column":25}}],"line":39},"2":{"loc":{"start":{"line":42,"column":12},"end":{"line":45,"column":13}},"type":"if","locations":[{"start":{"line":42,"column":12},"end":{"line":45,"column":13}},{"start":{"line":42,"column":12},"end":{"line":45,"column":13}}],"line":42},"3":{"loc":{"start":{"line":46,"column":12},"end":{"line":49,"column":13}},"type":"if","locations":[{"start":{"line":46,"column":12},"end":{"line":49,"column":13}},{"start":{"line":46,"column":12},"end":{"line":49,"column":13}}],"line":46},"4":{"loc":{"start":{"line":55,"column":31},"end":{"line":55,"column":40}},"type":"default-arg","locations":[{"start":{"line":55,"column":38},"end":{"line":55,"column":40}}],"line":55},"5":{"loc":{"start":{"line":58,"column":8},"end":{"line":59,"column":89}},"type":"if","locations":[{"start":{"line":58,"column":8},"end":{"line":59,"column":89}},{"start":{"line":58,"column":8},"end":{"line":59,"column":89}}],"line":58},"6":{"loc":{"start":{"line":63,"column":8},"end":{"line":64,"column":26}},"type":"if","locations":[{"start":{"line":63,"column":8},"end":{"line":64,"column":26}},{"start":{"line":63,"column":8},"end":{"line":64,"column":26}}],"line":63},"7":{"loc":{"start":{"line":65,"column":8},"end":{"line":70,"column":9}},"type":"if","locations":[{"start":{"line":65,"column":8},"end":{"line":70,"column":9}},{"start":{"line":65,"column":8},"end":{"line":70,"column":9}}],"line":65},"8":{"loc":{"start":{"line":66,"column":12},"end":{"line":67,"column":31}},"type":"if","locations":[{"start":{"line":66,"column":12},"end":{"line":67,"column":31}},{"start":{"line":66,"column":12},"end":{"line":67,"column":31}}],"line":66},"9":{"loc":{"start":{"line":68,"column":12},"end":{"line":69,"column":31}},"type":"if","locations":[{"start":{"line":68,"column":12},"end":{"line":69,"column":31}},{"start":{"line":68,"column":12},"end":{"line":69,"column":31}}],"line":68},"10":{"loc":{"start":{"line":86,"column":8},"end":{"line":88,"column":9}},"type":"if","locations":[{"start":{"line":86,"column":8},"end":{"line":88,"column":9}},{"start":{"line":86,"column":8},"end":{"line":88,"column":9}}],"line":86},"11":{"loc":{"start":{"line":93,"column":17},"end":{"line":93,"column":41}},"type":"binary-expr","locations":[{"start":{"line":93,"column":17},"end":{"line":93,"column":31}},{"start":{"line":93,"column":35},"end":{"line":93,"column":41}}],"line":93},"12":{"loc":{"start":{"line":101,"column":8},"end":{"line":103,"column":27}},"type":"if","locations":[{"start":{"line":101,"column":8},"end":{"line":103,"column":27}},{"start":{"line":101,"column":8},"end":{"line":103,"column":27}}],"line":101},"13":{"loc":{"start":{"line":104,"column":8},"end":{"line":106,"column":41}},"type":"if","locations":[{"start":{"line":104,"column":8},"end":{"line":106,"column":41}},{"start":{"line":104,"column":8},"end":{"line":106,"column":41}}],"line":104},"14":{"loc":{"start":{"line":107,"column":8},"end":{"line":109,"column":45}},"type":"if","locations":[{"start":{"line":107,"column":8},"end":{"line":109,"column":45}},{"start":{"line":107,"column":8},"end":{"line":109,"column":45}}],"line":107},"15":{"loc":{"start":{"line":110,"column":8},"end":{"line":112,"column":47}},"type":"if","locations":[{"start":{"line":110,"column":8},"end":{"line":112,"column":47}},{"start":{"line":110,"column":8},"end":{"line":112,"column":47}}],"line":110},"16":{"loc":{"start":{"line":113,"column":8},"end":{"line":115,"column":40}},"type":"if","locations":[{"start":{"line":113,"column":8},"end":{"line":115,"column":40}},{"start":{"line":113,"column":8},"end":{"line":115,"column":40}}],"line":113},"17":{"loc":{"start":{"line":123,"column":12},"end":{"line":124,"column":25}},"type":"if","locations":[{"start":{"line":123,"column":12},"end":{"line":124,"column":25}},{"start":{"line":123,"column":12},"end":{"line":124,"column":25}}],"line":123},"18":{"loc":{"start":{"line":131,"column":12},"end":{"line":132,"column":25}},"type":"if","locations":[{"start":{"line":131,"column":12},"end":{"line":132,"column":25}},{"start":{"line":131,"column":12},"end":{"line":132,"column":25}}],"line":131},"19":{"loc":{"start":{"line":134,"column":12},"end":{"line":135,"column":28}},"type":"if","locations":[{"start":{"line":134,"column":12},"end":{"line":135,"column":28}},{"start":{"line":134,"column":12},"end":{"line":135,"column":28}}],"line":134},"20":{"loc":{"start":{"line":141,"column":12},"end":{"line":142,"column":25}},"type":"if","locations":[{"start":{"line":141,"column":12},"end":{"line":142,"column":25}},{"start":{"line":141,"column":12},"end":{"line":142,"column":25}}],"line":141},"21":{"loc":{"start":{"line":143,"column":19},"end":{"line":143,"column":62}},"type":"binary-expr","locations":[{"start":{"line":143,"column":20},"end":{"line":143,"column":53}},{"start":{"line":143,"column":58},"end":{"line":143,"column":62}}],"line":143},"22":{"loc":{"start":{"line":150,"column":12},"end":{"line":151,"column":25}},"type":"if","locations":[{"start":{"line":150,"column":12},"end":{"line":151,"column":25}},{"start":{"line":150,"column":12},"end":{"line":151,"column":25}}],"line":150},"23":{"loc":{"start":{"line":153,"column":12},"end":{"line":154,"column":27}},"type":"if","locations":[{"start":{"line":153,"column":12},"end":{"line":154,"column":27}},{"start":{"line":153,"column":12},"end":{"line":154,"column":27}}],"line":153}},"s":{"0":1,"1":1,"2":1,"3":6,"4":6,"5":0,"6":0,"7":0,"8":0,"9":0,"10":0,"11":0,"12":0,"13":0,"14":7,"15":10,"16":11,"17":15,"18":2,"19":13,"20":10,"21":2,"22":2,"23":8,"24":4,"25":4,"26":4,"27":17,"28":17,"29":17,"30":6,"31":11,"32":44,"33":2,"34":42,"35":21,"36":12,"37":9,"38":1,"39":29,"40":0,"41":0,"42":0,"43":0,"44":0,"45":0,"46":0,"47":0,"48":0,"49":0,"50":0,"51":0,"52":0,"53":0,"54":0,"55":0,"56":0,"57":0,"58":0,"59":0,"60":0,"61":0,"62":0,"63":0,"64":0,"65":0,"66":0,"67":0,"68":0,"69":0,"70":0,"71":0,"72":0,"73":0,"74":0,"75":0,"76":0,"77":0,"78":0,"79":0,"80":0,"81":0,"82":0,"83":0,"84":0,"85":0,"86":0,"87":0,"88":0,"89":0,"90":1},"f":{"0":6,"1":0,"2":0,"3":0,"4":7,"5":10,"6":11,"7":17,"8":44,"9":0,"10":0,"11":0,"12":0,"13":0,"14":0,"15":0,"16":0,"17":0},"b":{"0":[0,0],"1":[2,13],"2":[2,8],"3":[4,4],"4":[4],"5":[6,11],"6":[2,42],"7":[21,21],"8":[12,9],"9":[1,8],"10":[0,0],"11":[0,0],"12":[0,0],"13":[0,0],"14":[0,0],"15":[0,0],"16":[0,0],"17":[0,0],"18":[0,0],"19":[0,0],"20":[0,0],"21":[0,0],"22":[0,0],"23":[0,0]},"_coverageSchema":"1a1c01bbd47fc00a2c39e90264f33305004495a9","hash":"7957df6b60e93cc7b402735515c19e6787b0ef05"}
}
