TN:
SF:scripts/DunyaWrapper.js
FN:6,(anonymous_0)
FN:11,(anonymous_1)
FN:16,(anonymous_2)
FN:24,(anonymous_3)
FN:31,(anonymous_4)
FN:32,(anonymous_5)
FN:36,(anonymous_6)
FN:54,(anonymous_7)
FN:61,(anonymous_8)
FN:72,(anonymous_9)
FN:84,(anonymous_10)
FN:90,(anonymous_11)
FN:99,(anonymous_12)
FN:116,(anonymous_13)
FN:119,(anonymous_14)
FNF:15
FNH:6
FNDA:6,(anonymous_0)
FNDA:0,(anonymous_1)
FNDA:0,(anonymous_2)
FNDA:0,(anonymous_3)
FNDA:7,(anonymous_4)
FNDA:10,(anonymous_5)
FNDA:11,(anonymous_6)
FNDA:17,(anonymous_7)
FNDA:44,(anonymous_8)
FNDA:0,(anonymous_9)
FNDA:0,(anonymous_10)
FNDA:0,(anonymous_11)
FNDA:0,(anonymous_12)
FNDA:0,(anonymous_13)
FNDA:0,(anonymous_14)
DA:2,1
DA:3,1
DA:4,1
DA:8,6
DA:12,0
DA:13,0
DA:14,0
DA:17,0
DA:18,0
DA:21,0
DA:25,0
DA:26,0
DA:27,0
DA:32,7
DA:33,10
DA:37,11
DA:38,15
DA:39,2
DA:40,13
DA:41,10
DA:42,2
DA:43,2
DA:45,8
DA:46,4
DA:47,4
DA:49,4
DA:55,17
DA:56,17
DA:57,17
DA:58,6
DA:59,11
DA:62,44
DA:63,2
DA:64,42
DA:65,21
DA:66,12
DA:67,9
DA:68,1
DA:70,29
DA:73,0
DA:74,0
DA:75,0
DA:76,0
DA:77,0
DA:80,0
DA:85,0
DA:86,0
DA:88,0
DA:91,0
DA:92,0
DA:93,0
DA:94,0
DA:100,0
DA:101,0
DA:103,0
DA:104,0
DA:106,0
DA:107,0
DA:109,0
DA:110,0
DA:112,0
DA:113,0
DA:117,0
DA:120,0
DA:121,0
DA:122,0
DA:123,0
DA:125,0
DA:128,1
LF:69
LH:31
BRDA:12,0,0,0
BRDA:12,0,1,0
BRDA:38,1,0,2
BRDA:38,1,1,13
BRDA:41,2,0,2
BRDA:41,2,1,8
BRDA:45,3,0,4
BRDA:45,3,1,4
BRDA:54,4,0,4
BRDA:57,5,0,6
BRDA:57,5,1,11
BRDA:62,6,0,2
BRDA:62,6,1,42
BRDA:64,7,0,21
BRDA:64,7,1,21
BRDA:65,8,0,12
BRDA:65,8,1,9
BRDA:67,9,0,1
BRDA:67,9,1,8
BRDA:85,10,0,0
BRDA:85,10,1,0
BRDA:92,11,0,0
BRDA:92,11,1,0
BRDA:100,12,0,0
BRDA:100,12,1,0
BRDA:103,13,0,0
BRDA:103,13,1,0
BRDA:106,14,0,0
BRDA:106,14,1,0
BRDA:109,15,0,0
BRDA:109,15,1,0
BRDA:112,16,0,0
BRDA:112,16,1,0
BRDA:121,17,0,0
BRDA:121,17,1,0
BRF:35
BRH:17
end_of_record
