TN:
SF:scripts/Dev.js
FN:10,(anonymous_0)
FN:36,(anonymous_1)
FN:39,(anonymous_2)
FN:43,(anonymous_3)
FN:50,(anonymous_4)
FN:56,(anonymous_5)
FN:59,(anonymous_6)
FN:62,(anonymous_7)
FN:65,(anonymous_8)
FN:68,(anonymous_9)
FN:72,(anonymous_10)
FN:78,(anonymous_11)
FN:94,(anonymous_12)
FN:117,(anonymous_13)
FN:120,(anonymous_14)
FN:123,(anonymous_15)
FN:128,(anonymous_16)
FN:131,(anonymous_17)
FN:137,(anonymous_18)
FN:139,(anonymous_19)
FN:140,(anonymous_20)
FN:146,(anonymous_21)
FN:154,(anonymous_22)
FNF:23
FNH:19
FNDA:14,(anonymous_0)
FNDA:14,(anonymous_1)
FNDA:14,(anonymous_2)
FNDA:14,(anonymous_3)
FNDA:14,(anonymous_4)
FNDA:14,(anonymous_5)
FNDA:14,(anonymous_6)
FNDA:14,(anonymous_7)
FNDA:14,(anonymous_8)
FNDA:13,(anonymous_9)
FNDA:52,(anonymous_10)
FNDA:60,(anonymous_11)
FNDA:60,(anonymous_12)
FNDA:13,(anonymous_13)
FNDA:0,(anonymous_14)
FNDA:1,(anonymous_15)
FNDA:1,(anonymous_16)
FNDA:0,(anonymous_17)
FNDA:14,(anonymous_18)
FNDA:14,(anonymous_19)
FNDA:0,(anonymous_20)
FNDA:14,(anonymous_21)
FNDA:0,(anonymous_22)
DA:2,1
DA:3,1
DA:4,1
DA:5,1
DA:6,1
DA:7,1
DA:11,14
DA:12,14
DA:13,14
DA:32,14
DA:33,14
DA:34,0
DA:37,14
DA:40,14
DA:41,14
DA:44,14
DA:45,14
DA:46,14
DA:47,14
DA:51,14
DA:52,14
DA:53,14
DA:54,14
DA:57,14
DA:60,14
DA:63,14
DA:66,14
DA:69,13
DA:72,13
DA:73,52
DA:79,60
DA:80,60
DA:82,60
DA:83,57
DA:84,17
DA:85,40
DA:86,40
DA:89,43
DA:90,43
DA:91,43
DA:92,43
DA:95,60
DA:96,60
DA:97,17
DA:98,43
DA:99,43
DA:100,43
DA:101,28
DA:102,15
DA:103,15
DA:105,13
DA:106,13
DA:108,1
DA:109,1
DA:111,1
DA:112,1
DA:114,15
DA:118,13
DA:119,13
DA:120,13
DA:121,13
DA:124,1
DA:125,1
DA:126,1
DA:129,1
DA:130,1
DA:131,1
DA:132,1
DA:138,14
DA:139,14
DA:140,14
DA:141,0
DA:147,14
DA:148,14
DA:149,14
DA:150,14
DA:151,13
DA:152,14
DA:155,0
DA:158,1
LF:80
LH:77
BRDA:10,0,0,0
BRDA:32,1,0,14
BRDA:32,1,1,0
BRDA:33,2,0,0
BRDA:33,2,1,14
BRDA:37,3,0,14
BRDA:37,3,1,14
BRDA:82,4,0,57
BRDA:82,4,1,3
BRDA:83,5,0,17
BRDA:83,5,1,40
BRDA:90,6,0,43
BRDA:90,6,1,0
BRDA:91,7,0,43
BRDA:91,7,1,3
BRDA:96,8,0,17
BRDA:96,8,1,43
BRDA:100,9,0,28
BRDA:100,9,1,15
BRDA:103,10,0,13
BRDA:103,10,1,1
BRDA:103,10,2,1
BRDA:150,11,0,13
BRDA:150,11,1,1
BRF:24
BRH:20
end_of_record
TN:
SF:scripts/DunyaWrapper.js
FN:6,(anonymous_0)
FN:12,(anonymous_1)
FN:17,(anonymous_2)
FN:25,(anonymous_3)
FN:32,(anonymous_4)
FN:33,(anonymous_5)
FN:37,(anonymous_6)
FN:55,(anonymous_7)
FN:62,(anonymous_8)
FN:73,(anonymous_9)
FN:85,(anonymous_10)
FN:91,(anonymous_11)
FN:100,(anonymous_12)
FN:117,(anonymous_13)
FN:121,(anonymous_14)
FN:129,(anonymous_15)
FN:139,(anonymous_16)
FN:147,(anonymous_17)
FNF:18
FNH:18
FNDA:20,(anonymous_0)
FNDA:14,(anonymous_1)
FNDA:14,(anonymous_2)
FNDA:14,(anonymous_3)
FNDA:21,(anonymous_4)
FNDA:38,(anonymous_5)
FNDA:39,(anonymous_6)
FNDA:199,(anonymous_7)
FNDA:492,(anonymous_8)
FNDA:14,(anonymous_9)
FNDA:84,(anonymous_10)
FNDA:84,(anonymous_11)
FNDA:84,(anonymous_12)
FNDA:84,(anonymous_13)
FNDA:71,(anonymous_14)
FNDA:58,(anonymous_15)
FNDA:92,(anonymous_16)
FNDA:51,(anonymous_17)
DA:2,2
DA:3,2
DA:4,2
DA:8,20
DA:9,20
DA:13,14
DA:14,0
DA:15,14
DA:18,14
DA:19,14
DA:22,0
DA:26,14
DA:27,14
DA:28,14
DA:33,21
DA:34,38
DA:38,39
DA:39,295
DA:40,100
DA:41,195
DA:42,192
DA:43,30
DA:44,30
DA:46,162
DA:47,32
DA:48,32
DA:50,130
DA:56,199
DA:57,199
DA:58,199
DA:59,6
DA:60,193
DA:63,492
DA:64,2
DA:65,490
DA:66,217
DA:67,68
DA:68,149
DA:69,1
DA:71,421
DA:74,14
DA:75,14
DA:76,84
DA:77,84
DA:78,84
DA:81,0
DA:86,84
DA:87,0
DA:89,84
DA:92,84
DA:93,84
DA:94,84
DA:95,84
DA:101,84
DA:102,0
DA:104,84
DA:105,0
DA:107,84
DA:108,0
DA:110,84
DA:111,0
DA:113,84
DA:114,0
DA:118,84
DA:119,84
DA:122,71
DA:123,426
DA:124,384
DA:125,42
DA:127,71
DA:130,58
DA:131,342
DA:132,262
DA:133,80
DA:134,80
DA:135,28
DA:137,30
DA:140,92
DA:141,552
DA:142,460
DA:143,92
DA:145,92
DA:148,51
DA:149,51
DA:150,306
DA:151,255
DA:152,51
DA:153,51
DA:154,0
DA:156,51
DA:159,2
LF:91
LH:81
BRDA:13,0,0,0
BRDA:13,0,1,14
BRDA:39,1,0,100
BRDA:39,1,1,195
BRDA:42,2,0,30
BRDA:42,2,1,162
BRDA:46,3,0,32
BRDA:46,3,1,130
BRDA:55,4,0,4
BRDA:58,5,0,6
BRDA:58,5,1,193
BRDA:63,6,0,2
BRDA:63,6,1,490
BRDA:65,7,0,217
BRDA:65,7,1,273
BRDA:66,8,0,68
BRDA:66,8,1,149
BRDA:68,9,0,1
BRDA:68,9,1,148
BRDA:86,10,0,0
BRDA:86,10,1,84
BRDA:93,11,0,84
BRDA:93,11,1,0
BRDA:101,12,0,0
BRDA:101,12,1,84
BRDA:104,13,0,0
BRDA:104,13,1,84
BRDA:107,14,0,0
BRDA:107,14,1,84
BRDA:110,15,0,0
BRDA:110,15,1,84
BRDA:113,16,0,0
BRDA:113,16,1,84
BRDA:123,17,0,384
BRDA:123,17,1,42
BRDA:131,18,0,262
BRDA:131,18,1,80
BRDA:134,19,0,28
BRDA:134,19,1,52
BRDA:141,20,0,460
BRDA:141,20,1,92
BRDA:143,21,0,92
BRDA:143,21,1,92
BRDA:150,22,0,255
BRDA:150,22,1,51
BRDA:153,23,0,0
BRDA:153,23,1,51
BRF:47
BRH:38
end_of_record
TN:
SF:scripts/default-plugins/default-clear-out-directory.js
FN:9,(anonymous_0)
FN:11,(anonymous_1)
FNF:2
FNH:2
FNDA:14,(anonymous_0)
FNDA:14,(anonymous_1)
DA:2,1
DA:3,1
DA:4,1
DA:5,1
DA:8,1
DA:9,1
DA:10,14
DA:11,14
DA:12,14
DA:14,1
LF:10
LH:10
BRF:0
BRH:0
end_of_record
TN:
SF:scripts/default-plugins/default-html-compiler.js
FN:6,compileHtml
FN:18,(anonymous_1)
FN:21,(anonymous_2)
FN:35,compileTemplate
FN:36,(anonymous_4)
FN:37,(anonymous_5)
FN:45,(anonymous_6)
FN:58,(anonymous_7)
FNF:8
FNH:8
FNDA:6,compileHtml
FNDA:5,(anonymous_1)
FNDA:5,(anonymous_2)
FNDA:10,compileTemplate
FNDA:10,(anonymous_4)
FNDA:1,(anonymous_5)
FNDA:1,(anonymous_6)
FNDA:43,(anonymous_7)
DA:2,1
DA:3,1
DA:4,1
DA:5,1
DA:7,6
DA:8,6
DA:9,1
DA:10,1
DA:12,5
DA:13,5
DA:14,0
DA:15,0
DA:16,0
DA:18,5
DA:19,5
DA:21,5
DA:23,5
DA:24,5
DA:27,0
DA:29,5
DA:30,5
DA:31,5
DA:32,5
DA:33,5
DA:36,10
DA:37,10
DA:38,1
DA:39,1
DA:40,1
DA:41,1
DA:42,1
DA:43,1
DA:45,1
DA:47,1
DA:48,0
DA:49,1
DA:52,10
DA:54,1
DA:57,1
DA:58,1
DA:59,43
DA:60,43
DA:61,27
DA:62,16
DA:63,10
DA:64,6
DA:66,1
LF:47
LH:42
BRDA:8,0,0,1
BRDA:8,0,1,5
BRDA:13,1,0,0
BRDA:13,1,1,5
BRDA:47,2,0,0
BRDA:47,2,1,1
BRDA:60,3,0,27
BRDA:60,3,1,16
BRDA:62,4,0,10
BRDA:62,4,1,6
BRF:10
BRH:8
end_of_record
TN:
SF:scripts/default-plugins/default-inline-script-compiler.js
FN:6,generateHTML
FN:23,addTemplate
FN:28,(anonymous_2)
FN:30,(anonymous_3)
FN:37,addHtml
FN:38,(anonymous_5)
FN:41,findFile
FN:57,getStyle
FN:60,getScript
FN:63,getHTML
FN:66,inlineScriptCompiler
FN:77,(anonymous_11)
FN:79,(anonymous_12)
FN:84,updateInlineScriptFile
FN:92,(anonymous_14)
FNF:15
FNH:15
FNDA:13,generateHTML
FNDA:13,addTemplate
FNDA:13,(anonymous_2)
FNDA:13,(anonymous_3)
FNDA:13,addHtml
FNDA:13,(anonymous_5)
FNDA:51,findFile
FNDA:14,getStyle
FNDA:14,getScript
FNDA:13,getHTML
FNDA:14,inlineScriptCompiler
FNDA:13,(anonymous_11)
FNDA:13,(anonymous_12)
FNDA:8,updateInlineScriptFile
FNDA:37,(anonymous_14)
DA:2,1
DA:3,1
DA:4,1
DA:5,1
DA:7,13
DA:8,13
DA:9,13
DA:10,13
DA:11,13
DA:12,13
DA:13,13
DA:24,13
DA:25,13
DA:26,13
DA:28,13
DA:30,13
DA:31,13
DA:34,0
DA:38,13
DA:39,13
DA:42,51
DA:43,51
DA:45,51
DA:46,2
DA:50,49
DA:51,49
DA:52,49
DA:53,49
DA:54,49
DA:55,49
DA:58,14
DA:61,14
DA:64,13
DA:67,14
DA:68,14
DA:69,14
DA:70,1
DA:71,1
DA:72,1
DA:73,1
DA:75,13
DA:76,13
DA:77,13
DA:78,13
DA:79,13
DA:80,13
DA:81,13
DA:82,13
DA:85,8
DA:86,8
DA:88,1
DA:91,1
DA:92,1
DA:93,37
DA:94,37
DA:95,37
DA:96,13
DA:97,24
DA:98,14
DA:100,10
DA:101,10
DA:102,10
DA:103,8
DA:104,2
DA:106,1
LF:65
LH:64
BRDA:7,0,0,13
BRDA:7,0,1,0
BRDA:8,1,0,13
BRDA:8,1,1,0
BRDA:9,2,0,13
BRDA:9,2,1,0
BRDA:43,3,0,51
BRDA:43,3,1,51
BRDA:45,4,0,2
BRDA:45,4,1,49
BRDA:53,5,0,49
BRDA:53,5,1,0
BRDA:54,6,0,49
BRDA:54,6,1,0
BRDA:69,7,0,1
BRDA:69,7,1,13
BRDA:76,8,0,13
BRDA:76,8,1,0
BRDA:78,9,0,13
BRDA:78,9,1,0
BRDA:95,10,0,13
BRDA:95,10,1,24
BRDA:97,11,0,14
BRDA:97,11,1,10
BRDA:102,12,0,8
BRDA:102,12,1,2
BRF:26
BRH:19
end_of_record
TN:
SF:scripts/default-plugins/default-link-template-file.js
FN:5,compileTemplate
FN:34,(anonymous_1)
FN:35,(anonymous_2)
FNF:3
FNH:3
FNDA:19,compileTemplate
FNDA:14,(anonymous_1)
FNDA:19,(anonymous_2)
DA:2,1
DA:3,1
DA:4,1
DA:6,19
DA:7,19
DA:8,19
DA:10,19
DA:11,1
DA:12,0
DA:14,1
DA:15,1
DA:16,1
DA:17,1
DA:18,0
DA:20,1
DA:21,0
DA:22,1
DA:26,1
DA:28,19
DA:30,1
DA:33,1
DA:34,1
DA:35,14
DA:36,19
DA:37,19
DA:38,0
DA:39,19
DA:40,19
DA:43,1
LF:29
LH:25
BRDA:11,0,0,0
BRDA:11,0,1,1
BRDA:17,1,0,0
BRDA:17,1,1,1
BRDA:20,2,0,0
BRDA:20,2,1,1
BRDA:37,3,0,0
BRDA:37,3,1,19
BRF:8
BRH:4
end_of_record
TN:
SF:scripts/default-plugins/default-validate-in-directory.js
FN:8,(anonymous_0)
FNF:1
FNH:1
FNDA:14,(anonymous_0)
DA:2,1
DA:3,1
DA:4,1
DA:7,1
DA:8,1
DA:9,14
DA:10,13
DA:12,1
LF:8
LH:8
BRDA:9,0,0,13
BRDA:9,0,1,1
BRF:2
BRH:2
end_of_record
TN:
SF:scripts/default-plugins/dunya-sass-support.js
FN:6,compileScss
FN:17,(anonymous_1)
FN:35,(anonymous_2)
FNF:3
FNH:2
FNDA:0,compileScss
FNDA:92,(anonymous_1)
FNDA:51,(anonymous_2)
DA:2,1
DA:3,1
DA:4,1
DA:5,1
DA:7,0
DA:13,1
DA:16,1
DA:17,1
DA:18,92
DA:19,92
DA:20,92
DA:21,92
DA:22,0
DA:23,0
DA:24,0
DA:25,0
DA:26,0
DA:27,0
DA:30,0
DA:31,0
DA:33,0
DA:35,1
DA:36,51
DA:37,51
DA:38,37
DA:39,14
DA:40,14
DA:41,0
DA:42,14
DA:44,1
LF:30
LH:19
BRDA:20,0,0,92
BRDA:20,0,1,0
BRDA:24,1,0,0
BRDA:24,1,1,0
BRDA:37,2,0,37
BRDA:37,2,1,14
BRDA:40,3,0,0
BRDA:40,3,1,14
BRF:8
BRH:4
end_of_record
